TpTrace Verbose: 0 : 23392, 1, 2024/08/11, 22:55:47.182, 6010230289471, vstest.console.dll, Version: 17.10.0-release-24272-11 Current process architecture: X64
TpTrace Verbose: 0 : 23392, 1, 2024/08/11, 22:55:47.184, 6010230305974, vstest.console.dll, Runtime location: C:\Program Files\dotnet\shared\Microsoft.NETCore.App\8.0.7
TpTrace Verbose: 0 : 23392, 1, 2024/08/11, 22:55:47.187, 6010230339269, vstest.console.dll, ArtifactProcessingPostProcessModeProcessorExecutor.Initialize: ArtifactProcessingMode.Collect
TpTrace Verbose: 0 : 23392, 1, 2024/08/11, 22:55:47.187, 6010230339919, vstest.console.dll, TestSessionCorrelationIdProcessorModeProcessorExecutor.Initialize: TestSessionCorrelationId '21272_965f1c58-fd1c-4a6a-9205-33cd1883750b'
TpTrace Information: 0 : 23392, 1, 2024/08/11, 22:55:47.192, 6010230390661, vstest.console.dll, FilePatternParser: The given file C:\Users\Solly\Documents\GitHub\Practice-3rd-Year\PracticeTests\bin\Debug\net8.0\fine-code-coverage\build-output\PracticeTests.dll is a full path.
TpTrace Verbose: 0 : 23392, 1, 2024/08/11, 22:55:47.202, 6010230493324, vstest.console.dll, TestPluginCache.DiscoverTestExtensions: finding test extensions in assemblies ends with: RuntimeProvider.dll TPluginInfo: Microsoft.VisualStudio.TestPlatform.Common.ExtensionFramework.Utilities.TestRuntimePluginInformation TExtension: Microsoft.VisualStudio.TestPlatform.ObjectModel.Host.ITestRuntimeProvider
TpTrace Verbose: 0 : 23392, 1, 2024/08/11, 22:55:47.203, 6010230495057, vstest.console.dll, TestPluginCache.GetExtensionPaths: Filtered extension paths: 
TpTrace Verbose: 0 : 23392, 1, 2024/08/11, 22:55:47.203, 6010230496431, vstest.console.dll, TestPluginCache.GetExtensionPaths: Added default extension paths: C:\Program Files\dotnet\sdk\8.0.303\Extensions\Microsoft.Diagnostics.NETCore.Client.dll
C:\Program Files\dotnet\sdk\8.0.303\Extensions\Microsoft.TestPlatform.Extensions.BlameDataCollector.dll
C:\Program Files\dotnet\sdk\8.0.303\Extensions\Microsoft.TestPlatform.Extensions.EventLogCollector.dll
C:\Program Files\dotnet\sdk\8.0.303\Extensions\Microsoft.TestPlatform.TestHostRuntimeProvider.dll
C:\Program Files\dotnet\sdk\8.0.303\Extensions\Microsoft.VisualStudio.TestPlatform.Extensions.Html.TestLogger.dll
C:\Program Files\dotnet\sdk\8.0.303\Extensions\Microsoft.VisualStudio.TestPlatform.Extensions.Trx.TestLogger.dll
TpTrace Verbose: 0 : 23392, 1, 2024/08/11, 22:55:47.203, 6010230496595, vstest.console.dll, TestPluginCache.GetExtensionPaths: Added unfilterableExtensionPaths: 
TpTrace Information: 0 : 23392, 1, 2024/08/11, 22:55:47.203, 6010230501330, vstest.console.dll, AssemblyResolver.ctor: Creating AssemblyResolver with searchDirectories C:\Program Files\dotnet\sdk\8.0.303\Extensions,C:\Program Files\dotnet\sdk\8.0.303
TpTrace Verbose: 0 : 23392, 1, 2024/08/11, 22:55:47.204, 6010230508153, vstest.console.dll, TestPluginCache.DiscoverTestExtensions: Discovering the extensions using extension path.
TpTrace Verbose: 0 : 23392, 1, 2024/08/11, 22:55:47.204, 6010230508871, vstest.console.dll, TestPluginCache.GetExtensionPaths: Filtered extension paths: 
TpTrace Verbose: 0 : 23392, 1, 2024/08/11, 22:55:47.204, 6010230509056, vstest.console.dll, TestPluginCache.GetExtensionPaths: Added default extension paths: C:\Program Files\dotnet\sdk\8.0.303\Extensions\Microsoft.Diagnostics.NETCore.Client.dll
C:\Program Files\dotnet\sdk\8.0.303\Extensions\Microsoft.TestPlatform.Extensions.BlameDataCollector.dll
C:\Program Files\dotnet\sdk\8.0.303\Extensions\Microsoft.TestPlatform.Extensions.EventLogCollector.dll
C:\Program Files\dotnet\sdk\8.0.303\Extensions\Microsoft.TestPlatform.TestHostRuntimeProvider.dll
C:\Program Files\dotnet\sdk\8.0.303\Extensions\Microsoft.VisualStudio.TestPlatform.Extensions.Html.TestLogger.dll
C:\Program Files\dotnet\sdk\8.0.303\Extensions\Microsoft.VisualStudio.TestPlatform.Extensions.Trx.TestLogger.dll
TpTrace Verbose: 0 : 23392, 1, 2024/08/11, 22:55:47.204, 6010230509168, vstest.console.dll, TestPluginCache.GetExtensionPaths: Added unfilterableExtensionPaths: 
TpTrace Verbose: 0 : 23392, 1, 2024/08/11, 22:55:47.204, 6010230509442, vstest.console.dll, TestPluginCache.DiscoverTestExtensions: Discovering the extensions using allExtensionPaths: C:\Program Files\dotnet\sdk\8.0.303\Extensions\Microsoft.Diagnostics.NETCore.Client.dll
C:\Program Files\dotnet\sdk\8.0.303\Extensions\Microsoft.TestPlatform.Extensions.BlameDataCollector.dll
C:\Program Files\dotnet\sdk\8.0.303\Extensions\Microsoft.TestPlatform.Extensions.EventLogCollector.dll
C:\Program Files\dotnet\sdk\8.0.303\Extensions\Microsoft.TestPlatform.TestHostRuntimeProvider.dll
C:\Program Files\dotnet\sdk\8.0.303\Extensions\Microsoft.VisualStudio.TestPlatform.Extensions.Html.TestLogger.dll
C:\Program Files\dotnet\sdk\8.0.303\Extensions\Microsoft.VisualStudio.TestPlatform.Extensions.Trx.TestLogger.dll
TpTrace Information: 0 : 23392, 1, 2024/08/11, 22:55:47.204, 6010230510149, vstest.console.dll, AssemblyResolver.AddSearchDirectories: Adding more searchDirectories C:\Program Files\dotnet\sdk\8.0.303\Extensions,C:\Program Files\dotnet\sdk\8.0.303
TpTrace Information: 0 : 23392, 1, 2024/08/11, 22:55:47.204, 6010230510398, vstest.console.dll, AssemblyResolver.AddSearchDirectories: Adding more searchDirectories C:\Program Files\dotnet\sdk\8.0.303\Extensions,C:\Program Files\dotnet\sdk\8.0.303
TpTrace Information: 0 : 23392, 1, 2024/08/11, 22:55:47.204, 6010230510509, vstest.console.dll, AssemblyResolver.AddSearchDirectories: Adding more searchDirectories C:\Program Files\dotnet\sdk\8.0.303\Extensions,C:\Program Files\dotnet\sdk\8.0.303
TpTrace Information: 0 : 23392, 1, 2024/08/11, 22:55:47.204, 6010230510607, vstest.console.dll, AssemblyResolver.AddSearchDirectories: Adding more searchDirectories C:\Program Files\dotnet\sdk\8.0.303\Extensions,C:\Program Files\dotnet\sdk\8.0.303
TpTrace Information: 0 : 23392, 1, 2024/08/11, 22:55:47.204, 6010230510725, vstest.console.dll, AssemblyResolver.AddSearchDirectories: Adding more searchDirectories C:\Program Files\dotnet\sdk\8.0.303\Extensions,C:\Program Files\dotnet\sdk\8.0.303
TpTrace Information: 0 : 23392, 1, 2024/08/11, 22:55:47.204, 6010230510822, vstest.console.dll, AssemblyResolver.AddSearchDirectories: Adding more searchDirectories C:\Program Files\dotnet\sdk\8.0.303\Extensions,C:\Program Files\dotnet\sdk\8.0.303
TpTrace Information: 0 : 23392, 1, 2024/08/11, 22:55:47.204, 6010230513370, vstest.console.dll, AssemblyResolver.OnResolve: Microsoft.Diagnostics.NETCore.Client: Resolving assembly.
TpTrace Information: 0 : 23392, 1, 2024/08/11, 22:55:47.204, 6010230513714, vstest.console.dll, AssemblyResolver.OnResolve: Microsoft.Diagnostics.NETCore.Client: Searching in: 'C:\Program Files\dotnet\sdk\8.0.303\Extensions'.
TpTrace Information: 0 : 23392, 1, 2024/08/11, 22:55:47.209, 6010230561243, vstest.console.dll, AssemblyResolver.OnResolve: Microsoft.Diagnostics.NETCore.Client: Loading assembly 'C:\Program Files\dotnet\sdk\8.0.303\Extensions\Microsoft.Diagnostics.NETCore.Client.dll'.
TpTrace Information: 0 : 23392, 1, 2024/08/11, 22:55:47.212, 6010230588613, vstest.console.dll, AssemblyResolver.OnResolve: Resolved assembly: Microsoft.Diagnostics.NETCore.Client, from path: C:\Program Files\dotnet\sdk\8.0.303\Extensions\Microsoft.Diagnostics.NETCore.Client.dll
TpTrace Verbose: 0 : 23392, 1, 2024/08/11, 22:55:47.214, 6010230612784, vstest.console.dll, MetadataReaderExtensionsHelper: Discovering extensions inside assembly 'Microsoft.Diagnostics.NETCore.Client, Version=0.2.10.15101, Culture=neutral, PublicKeyToken=31bf3856ad364e35' file path 'C:\Program Files\dotnet\sdk\8.0.303\Extensions\Microsoft.Diagnostics.NETCore.Client.dll'
TpTrace Information: 0 : 23392, 1, 2024/08/11, 22:55:47.216, 6010230630915, vstest.console.dll, AssemblyResolver.OnResolve: Microsoft.Bcl.AsyncInterfaces: Resolving assembly.
TpTrace Information: 0 : 23392, 1, 2024/08/11, 22:55:47.216, 6010230631307, vstest.console.dll, AssemblyResolver.OnResolve: Microsoft.Bcl.AsyncInterfaces: Searching in: 'C:\Program Files\dotnet\sdk\8.0.303\Extensions'.
TpTrace Information: 0 : 23392, 1, 2024/08/11, 22:55:47.216, 6010230631768, vstest.console.dll, AssemblyResolver.OnResolve: Microsoft.Bcl.AsyncInterfaces: Assembly path does not exist: 'C:\Program Files\dotnet\sdk\8.0.303\Extensions\Microsoft.Bcl.AsyncInterfaces.dll', returning.
TpTrace Information: 0 : 23392, 1, 2024/08/11, 22:55:47.216, 6010230632275, vstest.console.dll, AssemblyResolver.OnResolve: Microsoft.Bcl.AsyncInterfaces: Assembly path does not exist: 'C:\Program Files\dotnet\sdk\8.0.303\Extensions\Microsoft.Bcl.AsyncInterfaces.exe', returning.
TpTrace Information: 0 : 23392, 1, 2024/08/11, 22:55:47.216, 6010230632402, vstest.console.dll, AssemblyResolver.OnResolve: Microsoft.Bcl.AsyncInterfaces: Searching in: 'C:\Program Files\dotnet\sdk\8.0.303'.
TpTrace Information: 0 : 23392, 1, 2024/08/11, 22:55:47.216, 6010230632676, vstest.console.dll, AssemblyResolver.OnResolve: Microsoft.Bcl.AsyncInterfaces: Assembly path does not exist: 'C:\Program Files\dotnet\sdk\8.0.303\Microsoft.Bcl.AsyncInterfaces.dll', returning.
TpTrace Information: 0 : 23392, 1, 2024/08/11, 22:55:47.216, 6010230632910, vstest.console.dll, AssemblyResolver.OnResolve: Microsoft.Bcl.AsyncInterfaces: Assembly path does not exist: 'C:\Program Files\dotnet\sdk\8.0.303\Microsoft.Bcl.AsyncInterfaces.exe', returning.
TpTrace Information: 0 : 23392, 1, 2024/08/11, 22:55:47.216, 6010230633015, vstest.console.dll, AssemblyResolver.OnResolve: Microsoft.Bcl.AsyncInterfaces: Failed to load assembly.
TpTrace Verbose: 0 : 23392, 1, 2024/08/11, 22:55:47.216, 6010230633191, vstest.console.dll, CurrentDomainAssemblyResolve: Resolving assembly 'Microsoft.Bcl.AsyncInterfaces'.
TpTrace Information: 0 : 23392, 1, 2024/08/11, 22:55:47.216, 6010230633451, vstest.console.dll, AssemblyResolver.OnResolve: Microsoft.Bcl.AsyncInterfaces: Resolving assembly.
TpTrace Information: 0 : 23392, 1, 2024/08/11, 22:55:47.216, 6010230633578, vstest.console.dll, AssemblyResolver.OnResolve: Microsoft.Bcl.AsyncInterfaces: Resolved from cache.
TpTrace Verbose: 0 : 23392, 1, 2024/08/11, 22:55:47.216, 6010230633670, vstest.console.dll, CurrentDomainAssemblyResolve: Resolving assembly 'Microsoft.Bcl.AsyncInterfaces'.
TpTrace Verbose: 0 : 23392, 1, 2024/08/11, 22:55:47.216, 6010230633794, vstest.console.dll, CurrentDomainAssemblyResolve: Failed to resolve assembly 'Microsoft.Bcl.AsyncInterfaces'.
TpTrace Verbose: 0 : 23392, 1, 2024/08/11, 22:55:47.218, 6010230654660, vstest.console.dll, CurrentDomainAssemblyResolve: Failed to resolve assembly 'Microsoft.Bcl.AsyncInterfaces'.
TpTrace Warning: 0 : 23392, 1, 2024/08/11, 22:55:47.232, 6010230785034, vstest.console.dll, TestPluginDiscoverer: Failed to get types from assembly 'Microsoft.Diagnostics.NETCore.Client, Version=0.2.10.15101, Culture=neutral, PublicKeyToken=31bf3856ad364e35'. Error: System.Reflection.ReflectionTypeLoadException: Unable to load one or more of the requested types.
Could not load file or assembly 'Microsoft.Bcl.AsyncInterfaces, Version=6.0.0.0, Culture=neutral, PublicKeyToken=cc7b13ffcd2ddd51'. The system cannot find the file specified.
   at System.Reflection.RuntimeModule.GetTypes(RuntimeModule module)
   at System.Reflection.RuntimeModule.GetTypes()
   at Microsoft.VisualStudio.TestPlatform.Common.ExtensionFramework.TestPluginDiscoverer.GetTestExtensionsFromAssembly[TPluginInfo,TExtension](Assembly assembly, Dictionary`2 pluginInfos, String filePath) in /_/src/Microsoft.TestPlatform.Common/ExtensionFramework/TestPluginDiscoverer.cs:line 158
System.IO.FileNotFoundException: Could not load file or assembly 'Microsoft.Bcl.AsyncInterfaces, Version=6.0.0.0, Culture=neutral, PublicKeyToken=cc7b13ffcd2ddd51'. The system cannot find the file specified.
File name: 'Microsoft.Bcl.AsyncInterfaces, Version=6.0.0.0, Culture=neutral, PublicKeyToken=cc7b13ffcd2ddd51'
 ---> System.IO.FileNotFoundException: Could not load file or assembly 'Microsoft.Bcl.AsyncInterfaces, Culture=neutral, PublicKeyToken=null'. The system cannot find the file specified.
File name: 'Microsoft.Bcl.AsyncInterfaces, Culture=neutral, PublicKeyToken=null'
   at System.Reflection.RuntimeAssembly.InternalLoad(AssemblyName assemblyName, StackCrawlMark& stackMark, AssemblyLoadContext assemblyLoadContext, RuntimeAssembly requestingAssembly, Boolean throwOnFileNotFound)
   at System.Reflection.Assembly.Load(AssemblyName assemblyRef)
   at Microsoft.VisualStudio.TestPlatform.Common.ExtensionFramework.TestPluginCache.CurrentDomainAssemblyResolve(Object sender, AssemblyResolveEventArgs args) in /_/src/Microsoft.TestPlatform.Common/ExtensionFramework/TestPluginCache.cs:line 513
   at System.Runtime.Loader.AssemblyLoadContext.GetFirstResolvedAssemblyFromResolvingEvent(AssemblyName assemblyName)
   at System.Runtime.Loader.AssemblyLoadContext.ResolveUsingEvent(AssemblyName assemblyName)
   at System.Runtime.Loader.AssemblyLoadContext.ResolveUsingResolvingEvent(IntPtr gchManagedAssemblyLoadContext, AssemblyName assemblyName)
TpTrace Warning: 0 : 23392, 1, 2024/08/11, 22:55:47.232, 6010230786713, vstest.console.dll, LoaderExceptions: System.IO.FileNotFoundException: Could not load file or assembly 'Microsoft.Bcl.AsyncInterfaces, Version=6.0.0.0, Culture=neutral, PublicKeyToken=cc7b13ffcd2ddd51'. The system cannot find the file specified.
File name: 'Microsoft.Bcl.AsyncInterfaces, Version=6.0.0.0, Culture=neutral, PublicKeyToken=cc7b13ffcd2ddd51'
 ---> System.IO.FileNotFoundException: Could not load file or assembly 'Microsoft.Bcl.AsyncInterfaces, Culture=neutral, PublicKeyToken=null'. The system cannot find the file specified.
File name: 'Microsoft.Bcl.AsyncInterfaces, Culture=neutral, PublicKeyToken=null'
   at System.Reflection.RuntimeAssembly.InternalLoad(AssemblyName assemblyName, StackCrawlMark& stackMark, AssemblyLoadContext assemblyLoadContext, RuntimeAssembly requestingAssembly, Boolean throwOnFileNotFound)
   at System.Reflection.Assembly.Load(AssemblyName assemblyRef)
   at Microsoft.VisualStudio.TestPlatform.Common.ExtensionFramework.TestPluginCache.CurrentDomainAssemblyResolve(Object sender, AssemblyResolveEventArgs args) in /_/src/Microsoft.TestPlatform.Common/ExtensionFramework/TestPluginCache.cs:line 513
   at System.Runtime.Loader.AssemblyLoadContext.GetFirstResolvedAssemblyFromResolvingEvent(AssemblyName assemblyName)
   at System.Runtime.Loader.AssemblyLoadContext.ResolveUsingEvent(AssemblyName assemblyName)
   at System.Runtime.Loader.AssemblyLoadContext.ResolveUsingResolvingEvent(IntPtr gchManagedAssemblyLoadContext, AssemblyName assemblyName)
TpTrace Information: 0 : 23392, 1, 2024/08/11, 22:55:47.232, 6010230787356, vstest.console.dll, AssemblyResolver.OnResolve: Microsoft.TestPlatform.Extensions.BlameDataCollector: Resolving assembly.
TpTrace Information: 0 : 23392, 1, 2024/08/11, 22:55:47.232, 6010230787508, vstest.console.dll, AssemblyResolver.OnResolve: Microsoft.TestPlatform.Extensions.BlameDataCollector: Searching in: 'C:\Program Files\dotnet\sdk\8.0.303\Extensions'.
TpTrace Information: 0 : 23392, 1, 2024/08/11, 22:55:47.233, 6010230802691, vstest.console.dll, AssemblyResolver.OnResolve: Microsoft.TestPlatform.Extensions.BlameDataCollector: Loading assembly 'C:\Program Files\dotnet\sdk\8.0.303\Extensions\Microsoft.TestPlatform.Extensions.BlameDataCollector.dll'.
TpTrace Information: 0 : 23392, 1, 2024/08/11, 22:55:47.235, 6010230815545, vstest.console.dll, AssemblyResolver.OnResolve: Resolved assembly: Microsoft.TestPlatform.Extensions.BlameDataCollector, from path: C:\Program Files\dotnet\sdk\8.0.303\Extensions\Microsoft.TestPlatform.Extensions.BlameDataCollector.dll
TpTrace Verbose: 0 : 23392, 1, 2024/08/11, 22:55:47.235, 6010230816084, vstest.console.dll, MetadataReaderExtensionsHelper: Discovering extensions inside assembly 'Microsoft.TestPlatform.Extensions.BlameDataCollector, Version=15.0.0.0, Culture=neutral, PublicKeyToken=b03f5f7f11d50a3a' file path 'C:\Program Files\dotnet\sdk\8.0.303\Extensions\Microsoft.TestPlatform.Extensions.BlameDataCollector.dll'
TpTrace Information: 0 : 23392, 1, 2024/08/11, 22:55:47.236, 6010230830763, vstest.console.dll, AssemblyResolver.OnResolve: Microsoft.TestPlatform.Extensions.EventLogCollector: Resolving assembly.
TpTrace Information: 0 : 23392, 1, 2024/08/11, 22:55:47.236, 6010230831114, vstest.console.dll, AssemblyResolver.OnResolve: Microsoft.TestPlatform.Extensions.EventLogCollector: Searching in: 'C:\Program Files\dotnet\sdk\8.0.303\Extensions'.
TpTrace Information: 0 : 23392, 1, 2024/08/11, 22:55:47.237, 6010230841516, vstest.console.dll, AssemblyResolver.OnResolve: Microsoft.TestPlatform.Extensions.EventLogCollector: Loading assembly 'C:\Program Files\dotnet\sdk\8.0.303\Extensions\Microsoft.TestPlatform.Extensions.EventLogCollector.dll'.
TpTrace Information: 0 : 23392, 1, 2024/08/11, 22:55:47.238, 6010230848445, vstest.console.dll, AssemblyResolver.OnResolve: Resolved assembly: Microsoft.TestPlatform.Extensions.EventLogCollector, from path: C:\Program Files\dotnet\sdk\8.0.303\Extensions\Microsoft.TestPlatform.Extensions.EventLogCollector.dll
TpTrace Verbose: 0 : 23392, 1, 2024/08/11, 22:55:47.238, 6010230848902, vstest.console.dll, MetadataReaderExtensionsHelper: Discovering extensions inside assembly 'Microsoft.TestPlatform.Extensions.EventLogCollector, Version=15.0.0.0, Culture=neutral, PublicKeyToken=b03f5f7f11d50a3a' file path 'C:\Program Files\dotnet\sdk\8.0.303\Extensions\Microsoft.TestPlatform.Extensions.EventLogCollector.dll'
TpTrace Information: 0 : 23392, 1, 2024/08/11, 22:55:47.240, 6010230866317, vstest.console.dll, AssemblyResolver.OnResolve: Microsoft.TestPlatform.TestHostRuntimeProvider: Resolving assembly.
TpTrace Information: 0 : 23392, 1, 2024/08/11, 22:55:47.240, 6010230866674, vstest.console.dll, AssemblyResolver.OnResolve: Microsoft.TestPlatform.TestHostRuntimeProvider: Searching in: 'C:\Program Files\dotnet\sdk\8.0.303\Extensions'.
TpTrace Information: 0 : 23392, 1, 2024/08/11, 22:55:47.241, 6010230878961, vstest.console.dll, AssemblyResolver.OnResolve: Microsoft.TestPlatform.TestHostRuntimeProvider: Loading assembly 'C:\Program Files\dotnet\sdk\8.0.303\Extensions\Microsoft.TestPlatform.TestHostRuntimeProvider.dll'.
TpTrace Information: 0 : 23392, 1, 2024/08/11, 22:55:47.242, 6010230888864, vstest.console.dll, AssemblyResolver.OnResolve: Resolved assembly: Microsoft.TestPlatform.TestHostRuntimeProvider, from path: C:\Program Files\dotnet\sdk\8.0.303\Extensions\Microsoft.TestPlatform.TestHostRuntimeProvider.dll
TpTrace Verbose: 0 : 23392, 1, 2024/08/11, 22:55:47.242, 6010230889295, vstest.console.dll, MetadataReaderExtensionsHelper: Discovering extensions inside assembly 'Microsoft.TestPlatform.TestHostRuntimeProvider, Version=15.0.0.0, Culture=neutral, PublicKeyToken=b03f5f7f11d50a3a' file path 'C:\Program Files\dotnet\sdk\8.0.303\Extensions\Microsoft.TestPlatform.TestHostRuntimeProvider.dll'
TpTrace Information: 0 : 23392, 1, 2024/08/11, 22:55:47.243, 6010230903985, vstest.console.dll, GetTestExtensionFromType: Register extension with identifier data 'HostProvider://DefaultTestHost' and type 'Microsoft.VisualStudio.TestPlatform.CrossPlatEngine.Hosting.DefaultTestHostManager, Microsoft.TestPlatform.TestHostRuntimeProvider, Version=15.0.0.0, Culture=neutral, PublicKeyToken=b03f5f7f11d50a3a' inside file 'C:\Program Files\dotnet\sdk\8.0.303\Extensions\Microsoft.TestPlatform.TestHostRuntimeProvider.dll'
TpTrace Information: 0 : 23392, 1, 2024/08/11, 22:55:47.244, 6010230905463, vstest.console.dll, GetTestExtensionFromType: Register extension with identifier data 'HostProvider://DotnetTestHost' and type 'Microsoft.VisualStudio.TestPlatform.CrossPlatEngine.Hosting.DotnetTestHostManager, Microsoft.TestPlatform.TestHostRuntimeProvider, Version=15.0.0.0, Culture=neutral, PublicKeyToken=b03f5f7f11d50a3a' inside file 'C:\Program Files\dotnet\sdk\8.0.303\Extensions\Microsoft.TestPlatform.TestHostRuntimeProvider.dll'
TpTrace Information: 0 : 23392, 1, 2024/08/11, 22:55:47.244, 6010230905864, vstest.console.dll, AssemblyResolver.OnResolve: Microsoft.VisualStudio.TestPlatform.Extensions.Html.TestLogger: Resolving assembly.
TpTrace Information: 0 : 23392, 1, 2024/08/11, 22:55:47.244, 6010230905997, vstest.console.dll, AssemblyResolver.OnResolve: Microsoft.VisualStudio.TestPlatform.Extensions.Html.TestLogger: Searching in: 'C:\Program Files\dotnet\sdk\8.0.303\Extensions'.
TpTrace Information: 0 : 23392, 1, 2024/08/11, 22:55:47.245, 6010230919194, vstest.console.dll, AssemblyResolver.OnResolve: Microsoft.VisualStudio.TestPlatform.Extensions.Html.TestLogger: Loading assembly 'C:\Program Files\dotnet\sdk\8.0.303\Extensions\Microsoft.VisualStudio.TestPlatform.Extensions.Html.TestLogger.dll'.
TpTrace Information: 0 : 23392, 1, 2024/08/11, 22:55:47.245, 6010230923650, vstest.console.dll, AssemblyResolver.OnResolve: Resolved assembly: Microsoft.VisualStudio.TestPlatform.Extensions.Html.TestLogger, from path: C:\Program Files\dotnet\sdk\8.0.303\Extensions\Microsoft.VisualStudio.TestPlatform.Extensions.Html.TestLogger.dll
TpTrace Verbose: 0 : 23392, 1, 2024/08/11, 22:55:47.245, 6010230923993, vstest.console.dll, MetadataReaderExtensionsHelper: Discovering extensions inside assembly 'Microsoft.VisualStudio.TestPlatform.Extensions.Html.TestLogger, Version=15.0.0.0, Culture=neutral, PublicKeyToken=b03f5f7f11d50a3a' file path 'C:\Program Files\dotnet\sdk\8.0.303\Extensions\Microsoft.VisualStudio.TestPlatform.Extensions.Html.TestLogger.dll'
TpTrace Information: 0 : 23392, 1, 2024/08/11, 22:55:47.246, 6010230931410, vstest.console.dll, AssemblyResolver.OnResolve: Microsoft.VisualStudio.TestPlatform.Extensions.Trx.TestLogger: Resolving assembly.
TpTrace Information: 0 : 23392, 1, 2024/08/11, 22:55:47.246, 6010230931728, vstest.console.dll, AssemblyResolver.OnResolve: Microsoft.VisualStudio.TestPlatform.Extensions.Trx.TestLogger: Searching in: 'C:\Program Files\dotnet\sdk\8.0.303\Extensions'.
TpTrace Information: 0 : 23392, 1, 2024/08/11, 22:55:47.248, 6010230948839, vstest.console.dll, AssemblyResolver.OnResolve: Microsoft.VisualStudio.TestPlatform.Extensions.Trx.TestLogger: Loading assembly 'C:\Program Files\dotnet\sdk\8.0.303\Extensions\Microsoft.VisualStudio.TestPlatform.Extensions.Trx.TestLogger.dll'.
TpTrace Information: 0 : 23392, 1, 2024/08/11, 22:55:47.249, 6010230964115, vstest.console.dll, AssemblyResolver.OnResolve: Resolved assembly: Microsoft.VisualStudio.TestPlatform.Extensions.Trx.TestLogger, from path: C:\Program Files\dotnet\sdk\8.0.303\Extensions\Microsoft.VisualStudio.TestPlatform.Extensions.Trx.TestLogger.dll
TpTrace Verbose: 0 : 23392, 1, 2024/08/11, 22:55:47.249, 6010230964477, vstest.console.dll, MetadataReaderExtensionsHelper: Discovering extensions inside assembly 'Microsoft.VisualStudio.TestPlatform.Extensions.Trx.TestLogger, Version=15.0.0.0, Culture=neutral, PublicKeyToken=b03f5f7f11d50a3a' file path 'C:\Program Files\dotnet\sdk\8.0.303\Extensions\Microsoft.VisualStudio.TestPlatform.Extensions.Trx.TestLogger.dll'
TpTrace Verbose: 0 : 23392, 1, 2024/08/11, 22:55:47.250, 6010230974084, vstest.console.dll, TestPluginCache: Discovered the extensions using extension path ''.
TpTrace Verbose: 0 : 23392, 1, 2024/08/11, 22:55:47.250, 6010230974466, vstest.console.dll, TestPluginCache: Discoverers are ''.
TpTrace Verbose: 0 : 23392, 1, 2024/08/11, 22:55:47.250, 6010230974576, vstest.console.dll, TestPluginCache: Executors are ''.
TpTrace Verbose: 0 : 23392, 1, 2024/08/11, 22:55:47.250, 6010230974666, vstest.console.dll, TestPluginCache: Executors2 are ''.
TpTrace Verbose: 0 : 23392, 1, 2024/08/11, 22:55:47.250, 6010230974754, vstest.console.dll, TestPluginCache: Setting providers are ''.
TpTrace Verbose: 0 : 23392, 1, 2024/08/11, 22:55:47.251, 6010230974842, vstest.console.dll, TestPluginCache: Loggers are ''.
TpTrace Verbose: 0 : 23392, 1, 2024/08/11, 22:55:47.251, 6010230975715, vstest.console.dll, TestPluginCache: TestHosts are 'HostProvider://DefaultTestHost,HostProvider://DotnetTestHost'.
TpTrace Verbose: 0 : 23392, 1, 2024/08/11, 22:55:47.251, 6010230975885, vstest.console.dll, TestPluginCache: DataCollectors are ''.
TpTrace Information: 0 : 23392, 1, 2024/08/11, 22:55:47.273, 6010231196934, vstest.console.dll, RunTestsArgumentProcessor:Execute: Test run is starting.
TpTrace Verbose: 0 : 23392, 1, 2024/08/11, 22:55:47.273, 6010231197456, vstest.console.dll, RunTestsArgumentProcessor:Execute: Queuing Test run.
TpTrace Information: 0 : 23392, 1, 2024/08/11, 22:55:47.273, 6010231199433, vstest.console.dll, TestRequestManager.RunTests: run tests started.
TpTrace Information: 0 : 23392, 1, 2024/08/11, 22:55:47.274, 6010231208576, vstest.console.dll, AssemblyMetadataProvider.GetFrameworkName: Determined framework:'.NETCoreApp,Version=v8.0' for source: 'C:\Users\Solly\Documents\GitHub\Practice-3rd-Year\PracticeTests\bin\Debug\net8.0\fine-code-coverage\build-output\PracticeTests.dll'
TpTrace Information: 0 : 23392, 1, 2024/08/11, 22:55:47.274, 6010231209365, vstest.console.dll, Determined framework for all sources: .NETCoreApp,Version=v8.0
TpTrace Verbose: 0 : 23392, 1, 2024/08/11, 22:55:47.274, 6010231211037, vstest.console.dll, TestRequestManager.UpdateRunSettingsIfRequired: Default architecture: X64 IsDefaultTargetArchitecture: True, Current process architecture: X64 OperatingSystem: Windows.
TpTrace Information: 0 : 23392, 1, 2024/08/11, 22:55:47.275, 6010231219441, vstest.console.dll, AssemblyMetadataProvider.GetArchitecture: Determined architecture:AnyCPU info for assembly: C:\Users\Solly\Documents\GitHub\Practice-3rd-Year\PracticeTests\bin\Debug\net8.0\fine-code-coverage\build-output\PracticeTests.dll
TpTrace Information: 0 : 23392, 1, 2024/08/11, 22:55:47.275, 6010231219733, vstest.console.dll, Determined platform for source 'C:\Users\Solly\Documents\GitHub\Practice-3rd-Year\PracticeTests\bin\Debug\net8.0\fine-code-coverage\build-output\PracticeTests.dll' was AnyCPU and it will use the default plaform X64.
TpTrace Information: 0 : 23392, 1, 2024/08/11, 22:55:47.275, 6010231219845, vstest.console.dll, None of the sources provided any runnable platform, using the default platform: X64
TpTrace Information: 0 : 23392, 1, 2024/08/11, 22:55:47.275, 6010231220251, vstest.console.dll, Platform was updated to 'X64'.
TpTrace Information: 0 : 23392, 1, 2024/08/11, 22:55:47.277, 6010231235710, vstest.console.dll, InferRunSettingsHelper.IsTestSettingsEnabled: Unable to navigate to RunSettings/MSTest. Current node: RunSettings
TpTrace Information: 0 : 23392, 1, 2024/08/11, 22:55:47.277, 6010231238708, vstest.console.dll, AssemblyResolver.OnResolve: Microsoft.VisualStudio.TestPlatform.Fakes: Resolving assembly.
TpTrace Information: 0 : 23392, 1, 2024/08/11, 22:55:47.277, 6010231239021, vstest.console.dll, AssemblyResolver.OnResolve: Microsoft.VisualStudio.TestPlatform.Fakes: Searching in: 'C:\Program Files\dotnet\sdk\8.0.303\Extensions'.
TpTrace Information: 0 : 23392, 1, 2024/08/11, 22:55:47.277, 6010231239515, vstest.console.dll, AssemblyResolver.OnResolve: Microsoft.VisualStudio.TestPlatform.Fakes: Assembly path does not exist: 'C:\Program Files\dotnet\sdk\8.0.303\Extensions\Microsoft.VisualStudio.TestPlatform.Fakes.dll', returning.
TpTrace Information: 0 : 23392, 1, 2024/08/11, 22:55:47.277, 6010231239840, vstest.console.dll, AssemblyResolver.OnResolve: Microsoft.VisualStudio.TestPlatform.Fakes: Assembly path does not exist: 'C:\Program Files\dotnet\sdk\8.0.303\Extensions\Microsoft.VisualStudio.TestPlatform.Fakes.exe', returning.
TpTrace Information: 0 : 23392, 1, 2024/08/11, 22:55:47.277, 6010231239949, vstest.console.dll, AssemblyResolver.OnResolve: Microsoft.VisualStudio.TestPlatform.Fakes: Searching in: 'C:\Program Files\dotnet\sdk\8.0.303'.
TpTrace Information: 0 : 23392, 1, 2024/08/11, 22:55:47.277, 6010231240242, vstest.console.dll, AssemblyResolver.OnResolve: Microsoft.VisualStudio.TestPlatform.Fakes: Assembly path does not exist: 'C:\Program Files\dotnet\sdk\8.0.303\Microsoft.VisualStudio.TestPlatform.Fakes.dll', returning.
TpTrace Information: 0 : 23392, 1, 2024/08/11, 22:55:47.277, 6010231240472, vstest.console.dll, AssemblyResolver.OnResolve: Microsoft.VisualStudio.TestPlatform.Fakes: Assembly path does not exist: 'C:\Program Files\dotnet\sdk\8.0.303\Microsoft.VisualStudio.TestPlatform.Fakes.exe', returning.
TpTrace Information: 0 : 23392, 1, 2024/08/11, 22:55:47.277, 6010231240596, vstest.console.dll, AssemblyResolver.OnResolve: Microsoft.VisualStudio.TestPlatform.Fakes: Failed to load assembly.
TpTrace Information: 0 : 23392, 1, 2024/08/11, 22:55:47.277, 6010231241904, vstest.console.dll, Failed to load assembly Microsoft.VisualStudio.TestPlatform.Fakes, Version=17.0.0.0, Culture=neutral. Reason:System.IO.FileNotFoundException: Could not load file or assembly 'Microsoft.VisualStudio.TestPlatform.Fakes, Version=17.0.0.0, Culture=neutral, PublicKeyToken=null'. The system cannot find the file specified.
File name: 'Microsoft.VisualStudio.TestPlatform.Fakes, Version=17.0.0.0, Culture=neutral, PublicKeyToken=null'
   at System.Reflection.RuntimeAssembly.InternalLoad(AssemblyName assemblyName, StackCrawlMark& stackMark, AssemblyLoadContext assemblyLoadContext, RuntimeAssembly requestingAssembly, Boolean throwOnFileNotFound)
   at System.Reflection.Assembly.Load(AssemblyName assemblyRef)
   at Microsoft.VisualStudio.TestPlatform.Common.Utilities.FakesUtilities.LoadTestPlatformAssembly() in /_/src/Microsoft.TestPlatform.Common/Utilities/FakesUtilities.cs:line 272
TpTrace Verbose: 0 : 23392, 1, 2024/08/11, 22:55:47.279, 6010231263232, vstest.console.dll, TestPluginCache.DiscoverTestExtensions: finding test extensions in assemblies ends with: TestLogger.dll TPluginInfo: Microsoft.VisualStudio.TestPlatform.Common.ExtensionFramework.Utilities.TestLoggerPluginInformation TExtension: Microsoft.VisualStudio.TestPlatform.ObjectModel.Client.ITestLogger
TpTrace Verbose: 0 : 23392, 1, 2024/08/11, 22:55:47.279, 6010231263718, vstest.console.dll, TestPluginCache.GetExtensionPaths: Filtered extension paths: 
TpTrace Verbose: 0 : 23392, 1, 2024/08/11, 22:55:47.279, 6010231263879, vstest.console.dll, TestPluginCache.GetExtensionPaths: Added default extension paths: C:\Program Files\dotnet\sdk\8.0.303\Extensions\Microsoft.Diagnostics.NETCore.Client.dll
C:\Program Files\dotnet\sdk\8.0.303\Extensions\Microsoft.TestPlatform.Extensions.BlameDataCollector.dll
C:\Program Files\dotnet\sdk\8.0.303\Extensions\Microsoft.TestPlatform.Extensions.EventLogCollector.dll
C:\Program Files\dotnet\sdk\8.0.303\Extensions\Microsoft.TestPlatform.TestHostRuntimeProvider.dll
C:\Program Files\dotnet\sdk\8.0.303\Extensions\Microsoft.VisualStudio.TestPlatform.Extensions.Html.TestLogger.dll
C:\Program Files\dotnet\sdk\8.0.303\Extensions\Microsoft.VisualStudio.TestPlatform.Extensions.Trx.TestLogger.dll
TpTrace Verbose: 0 : 23392, 1, 2024/08/11, 22:55:47.279, 6010231263987, vstest.console.dll, TestPluginCache.GetExtensionPaths: Added unfilterableExtensionPaths: 
TpTrace Information: 0 : 23392, 1, 2024/08/11, 22:55:47.279, 6010231264672, vstest.console.dll, AssemblyResolver.AddSearchDirectories: Adding more searchDirectories C:\Program Files\dotnet\sdk\8.0.303\Extensions,C:\Program Files\dotnet\sdk\8.0.303
TpTrace Verbose: 0 : 23392, 1, 2024/08/11, 22:55:47.280, 6010231264845, vstest.console.dll, TestPluginCache.DiscoverTestExtensions: Discovering the extensions using extension path.
TpTrace Verbose: 0 : 23392, 1, 2024/08/11, 22:55:47.280, 6010231264969, vstest.console.dll, TestPluginCache.GetExtensionPaths: Filtered extension paths: 
TpTrace Verbose: 0 : 23392, 1, 2024/08/11, 22:55:47.280, 6010231265082, vstest.console.dll, TestPluginCache.GetExtensionPaths: Added default extension paths: C:\Program Files\dotnet\sdk\8.0.303\Extensions\Microsoft.Diagnostics.NETCore.Client.dll
C:\Program Files\dotnet\sdk\8.0.303\Extensions\Microsoft.TestPlatform.Extensions.BlameDataCollector.dll
C:\Program Files\dotnet\sdk\8.0.303\Extensions\Microsoft.TestPlatform.Extensions.EventLogCollector.dll
C:\Program Files\dotnet\sdk\8.0.303\Extensions\Microsoft.TestPlatform.TestHostRuntimeProvider.dll
C:\Program Files\dotnet\sdk\8.0.303\Extensions\Microsoft.VisualStudio.TestPlatform.Extensions.Html.TestLogger.dll
C:\Program Files\dotnet\sdk\8.0.303\Extensions\Microsoft.VisualStudio.TestPlatform.Extensions.Trx.TestLogger.dll
TpTrace Verbose: 0 : 23392, 1, 2024/08/11, 22:55:47.280, 6010231265191, vstest.console.dll, TestPluginCache.GetExtensionPaths: Added unfilterableExtensionPaths: 
TpTrace Verbose: 0 : 23392, 1, 2024/08/11, 22:55:47.280, 6010231265302, vstest.console.dll, TestPluginCache.DiscoverTestExtensions: Discovering the extensions using allExtensionPaths: C:\Program Files\dotnet\sdk\8.0.303\Extensions\Microsoft.Diagnostics.NETCore.Client.dll
C:\Program Files\dotnet\sdk\8.0.303\Extensions\Microsoft.TestPlatform.Extensions.BlameDataCollector.dll
C:\Program Files\dotnet\sdk\8.0.303\Extensions\Microsoft.TestPlatform.Extensions.EventLogCollector.dll
C:\Program Files\dotnet\sdk\8.0.303\Extensions\Microsoft.TestPlatform.TestHostRuntimeProvider.dll
C:\Program Files\dotnet\sdk\8.0.303\Extensions\Microsoft.VisualStudio.TestPlatform.Extensions.Html.TestLogger.dll
C:\Program Files\dotnet\sdk\8.0.303\Extensions\Microsoft.VisualStudio.TestPlatform.Extensions.Trx.TestLogger.dll
TpTrace Information: 0 : 23392, 1, 2024/08/11, 22:55:47.280, 6010231265719, vstest.console.dll, AssemblyResolver.AddSearchDirectories: Adding more searchDirectories C:\Program Files\dotnet\sdk\8.0.303\Extensions,C:\Program Files\dotnet\sdk\8.0.303
TpTrace Information: 0 : 23392, 1, 2024/08/11, 22:55:47.280, 6010231265876, vstest.console.dll, AssemblyResolver.AddSearchDirectories: Adding more searchDirectories C:\Program Files\dotnet\sdk\8.0.303\Extensions,C:\Program Files\dotnet\sdk\8.0.303
TpTrace Information: 0 : 23392, 1, 2024/08/11, 22:55:47.280, 6010231265974, vstest.console.dll, AssemblyResolver.AddSearchDirectories: Adding more searchDirectories C:\Program Files\dotnet\sdk\8.0.303\Extensions,C:\Program Files\dotnet\sdk\8.0.303
TpTrace Information: 0 : 23392, 1, 2024/08/11, 22:55:47.280, 6010231266068, vstest.console.dll, AssemblyResolver.AddSearchDirectories: Adding more searchDirectories C:\Program Files\dotnet\sdk\8.0.303\Extensions,C:\Program Files\dotnet\sdk\8.0.303
TpTrace Information: 0 : 23392, 1, 2024/08/11, 22:55:47.280, 6010231266165, vstest.console.dll, AssemblyResolver.AddSearchDirectories: Adding more searchDirectories C:\Program Files\dotnet\sdk\8.0.303\Extensions,C:\Program Files\dotnet\sdk\8.0.303
TpTrace Information: 0 : 23392, 1, 2024/08/11, 22:55:47.280, 6010231266284, vstest.console.dll, AssemblyResolver.AddSearchDirectories: Adding more searchDirectories C:\Program Files\dotnet\sdk\8.0.303\Extensions,C:\Program Files\dotnet\sdk\8.0.303
TpTrace Verbose: 0 : 23392, 1, 2024/08/11, 22:55:47.280, 6010231266746, vstest.console.dll, MetadataReaderExtensionsHelper: Discovering extensions inside assembly 'Microsoft.Diagnostics.NETCore.Client, Version=0.2.10.15101, Culture=neutral, PublicKeyToken=31bf3856ad364e35' file path 'C:\Program Files\dotnet\sdk\8.0.303\Extensions\Microsoft.Diagnostics.NETCore.Client.dll'
TpTrace Information: 0 : 23392, 1, 2024/08/11, 22:55:47.280, 6010231271921, vstest.console.dll, AssemblyResolver.OnResolve: Microsoft.Bcl.AsyncInterfaces: Resolving assembly.
TpTrace Information: 0 : 23392, 1, 2024/08/11, 22:55:47.280, 6010231272188, vstest.console.dll, AssemblyResolver.OnResolve: Microsoft.Bcl.AsyncInterfaces: Resolved from cache.
TpTrace Verbose: 0 : 23392, 1, 2024/08/11, 22:55:47.280, 6010231272303, vstest.console.dll, CurrentDomainAssemblyResolve: Resolving assembly 'Microsoft.Bcl.AsyncInterfaces'.
TpTrace Information: 0 : 23392, 1, 2024/08/11, 22:55:47.280, 6010231272484, vstest.console.dll, AssemblyResolver.OnResolve: Microsoft.Bcl.AsyncInterfaces: Resolving assembly.
TpTrace Information: 0 : 23392, 1, 2024/08/11, 22:55:47.280, 6010231272595, vstest.console.dll, AssemblyResolver.OnResolve: Microsoft.Bcl.AsyncInterfaces: Resolved from cache.
TpTrace Verbose: 0 : 23392, 1, 2024/08/11, 22:55:47.280, 6010231272685, vstest.console.dll, CurrentDomainAssemblyResolve: Resolving assembly 'Microsoft.Bcl.AsyncInterfaces'.
TpTrace Verbose: 0 : 23392, 1, 2024/08/11, 22:55:47.280, 6010231272775, vstest.console.dll, CurrentDomainAssemblyResolve: Failed to resolve assembly 'Microsoft.Bcl.AsyncInterfaces'.
TpTrace Verbose: 0 : 23392, 1, 2024/08/11, 22:55:47.280, 6010231273415, vstest.console.dll, CurrentDomainAssemblyResolve: Failed to resolve assembly 'Microsoft.Bcl.AsyncInterfaces'.
TpTrace Warning: 0 : 23392, 1, 2024/08/11, 22:55:47.281, 6010231274918, vstest.console.dll, TestPluginDiscoverer: Failed to get types from assembly 'Microsoft.Diagnostics.NETCore.Client, Version=0.2.10.15101, Culture=neutral, PublicKeyToken=31bf3856ad364e35'. Error: System.Reflection.ReflectionTypeLoadException: Unable to load one or more of the requested types.
Could not load file or assembly 'Microsoft.Bcl.AsyncInterfaces, Version=6.0.0.0, Culture=neutral, PublicKeyToken=cc7b13ffcd2ddd51'. The system cannot find the file specified.
   at System.Reflection.RuntimeModule.GetTypes(RuntimeModule module)
   at System.Reflection.RuntimeModule.GetTypes()
   at Microsoft.VisualStudio.TestPlatform.Common.ExtensionFramework.TestPluginDiscoverer.GetTestExtensionsFromAssembly[TPluginInfo,TExtension](Assembly assembly, Dictionary`2 pluginInfos, String filePath) in /_/src/Microsoft.TestPlatform.Common/ExtensionFramework/TestPluginDiscoverer.cs:line 158
System.IO.FileNotFoundException: Could not load file or assembly 'Microsoft.Bcl.AsyncInterfaces, Version=6.0.0.0, Culture=neutral, PublicKeyToken=cc7b13ffcd2ddd51'. The system cannot find the file specified.
File name: 'Microsoft.Bcl.AsyncInterfaces, Version=6.0.0.0, Culture=neutral, PublicKeyToken=cc7b13ffcd2ddd51'
 ---> System.IO.FileNotFoundException: Could not load file or assembly 'Microsoft.Bcl.AsyncInterfaces, Culture=neutral, PublicKeyToken=null'. The system cannot find the file specified.
File name: 'Microsoft.Bcl.AsyncInterfaces, Culture=neutral, PublicKeyToken=null'
   at System.Reflection.RuntimeAssembly.InternalLoad(AssemblyName assemblyName, StackCrawlMark& stackMark, AssemblyLoadContext assemblyLoadContext, RuntimeAssembly requestingAssembly, Boolean throwOnFileNotFound)
   at System.Reflection.Assembly.Load(AssemblyName assemblyRef)
   at Microsoft.VisualStudio.TestPlatform.Common.ExtensionFramework.TestPluginCache.CurrentDomainAssemblyResolve(Object sender, AssemblyResolveEventArgs args) in /_/src/Microsoft.TestPlatform.Common/ExtensionFramework/TestPluginCache.cs:line 513
   at System.Runtime.Loader.AssemblyLoadContext.GetFirstResolvedAssemblyFromResolvingEvent(AssemblyName assemblyName)
   at System.Runtime.Loader.AssemblyLoadContext.ResolveUsingEvent(AssemblyName assemblyName)
   at System.Runtime.Loader.AssemblyLoadContext.ResolveUsingResolvingEvent(IntPtr gchManagedAssemblyLoadContext, AssemblyName assemblyName)
TpTrace Warning: 0 : 23392, 1, 2024/08/11, 22:55:47.281, 6010231275799, vstest.console.dll, LoaderExceptions: System.IO.FileNotFoundException: Could not load file or assembly 'Microsoft.Bcl.AsyncInterfaces, Version=6.0.0.0, Culture=neutral, PublicKeyToken=cc7b13ffcd2ddd51'. The system cannot find the file specified.
File name: 'Microsoft.Bcl.AsyncInterfaces, Version=6.0.0.0, Culture=neutral, PublicKeyToken=cc7b13ffcd2ddd51'
 ---> System.IO.FileNotFoundException: Could not load file or assembly 'Microsoft.Bcl.AsyncInterfaces, Culture=neutral, PublicKeyToken=null'. The system cannot find the file specified.
File name: 'Microsoft.Bcl.AsyncInterfaces, Culture=neutral, PublicKeyToken=null'
   at System.Reflection.RuntimeAssembly.InternalLoad(AssemblyName assemblyName, StackCrawlMark& stackMark, AssemblyLoadContext assemblyLoadContext, RuntimeAssembly requestingAssembly, Boolean throwOnFileNotFound)
   at System.Reflection.Assembly.Load(AssemblyName assemblyRef)
   at Microsoft.VisualStudio.TestPlatform.Common.ExtensionFramework.TestPluginCache.CurrentDomainAssemblyResolve(Object sender, AssemblyResolveEventArgs args) in /_/src/Microsoft.TestPlatform.Common/ExtensionFramework/TestPluginCache.cs:line 513
   at System.Runtime.Loader.AssemblyLoadContext.GetFirstResolvedAssemblyFromResolvingEvent(AssemblyName assemblyName)
   at System.Runtime.Loader.AssemblyLoadContext.ResolveUsingEvent(AssemblyName assemblyName)
   at System.Runtime.Loader.AssemblyLoadContext.ResolveUsingResolvingEvent(IntPtr gchManagedAssemblyLoadContext, AssemblyName assemblyName)
TpTrace Verbose: 0 : 23392, 1, 2024/08/11, 22:55:47.281, 6010231276123, vstest.console.dll, MetadataReaderExtensionsHelper: Discovering extensions inside assembly 'Microsoft.TestPlatform.Extensions.BlameDataCollector, Version=15.0.0.0, Culture=neutral, PublicKeyToken=b03f5f7f11d50a3a' file path 'C:\Program Files\dotnet\sdk\8.0.303\Extensions\Microsoft.TestPlatform.Extensions.BlameDataCollector.dll'
TpTrace Information: 0 : 23392, 1, 2024/08/11, 22:55:47.281, 6010231279466, vstest.console.dll, GetTestExtensionFromType: Register extension with identifier data 'logger://Microsoft/TestPlatform/Extensions/Blame/v1' and type 'Microsoft.TestPlatform.Extensions.BlameDataCollector.BlameLogger, Microsoft.TestPlatform.Extensions.BlameDataCollector, Version=15.0.0.0, Culture=neutral, PublicKeyToken=b03f5f7f11d50a3a' inside file 'C:\Program Files\dotnet\sdk\8.0.303\Extensions\Microsoft.TestPlatform.Extensions.BlameDataCollector.dll'
TpTrace Verbose: 0 : 23392, 1, 2024/08/11, 22:55:47.281, 6010231279844, vstest.console.dll, MetadataReaderExtensionsHelper: Discovering extensions inside assembly 'Microsoft.TestPlatform.Extensions.EventLogCollector, Version=15.0.0.0, Culture=neutral, PublicKeyToken=b03f5f7f11d50a3a' file path 'C:\Program Files\dotnet\sdk\8.0.303\Extensions\Microsoft.TestPlatform.Extensions.EventLogCollector.dll'
TpTrace Verbose: 0 : 23392, 1, 2024/08/11, 22:55:47.281, 6010231282155, vstest.console.dll, MetadataReaderExtensionsHelper: Discovering extensions inside assembly 'Microsoft.TestPlatform.TestHostRuntimeProvider, Version=15.0.0.0, Culture=neutral, PublicKeyToken=b03f5f7f11d50a3a' file path 'C:\Program Files\dotnet\sdk\8.0.303\Extensions\Microsoft.TestPlatform.TestHostRuntimeProvider.dll'
TpTrace Verbose: 0 : 23392, 1, 2024/08/11, 22:55:47.281, 6010231284173, vstest.console.dll, MetadataReaderExtensionsHelper: Discovering extensions inside assembly 'Microsoft.VisualStudio.TestPlatform.Extensions.Html.TestLogger, Version=15.0.0.0, Culture=neutral, PublicKeyToken=b03f5f7f11d50a3a' file path 'C:\Program Files\dotnet\sdk\8.0.303\Extensions\Microsoft.VisualStudio.TestPlatform.Extensions.Html.TestLogger.dll'
TpTrace Information: 0 : 23392, 1, 2024/08/11, 22:55:47.282, 6010231287634, vstest.console.dll, GetTestExtensionFromType: Register extension with identifier data 'logger://Microsoft/TestPlatform/HtmlLogger/v1' and type 'Microsoft.VisualStudio.TestPlatform.Extensions.HtmlLogger.HtmlLogger, Microsoft.VisualStudio.TestPlatform.Extensions.Html.TestLogger, Version=15.0.0.0, Culture=neutral, PublicKeyToken=b03f5f7f11d50a3a' inside file 'C:\Program Files\dotnet\sdk\8.0.303\Extensions\Microsoft.VisualStudio.TestPlatform.Extensions.Html.TestLogger.dll'
TpTrace Verbose: 0 : 23392, 1, 2024/08/11, 22:55:47.282, 6010231287998, vstest.console.dll, MetadataReaderExtensionsHelper: Discovering extensions inside assembly 'Microsoft.VisualStudio.TestPlatform.Extensions.Trx.TestLogger, Version=15.0.0.0, Culture=neutral, PublicKeyToken=b03f5f7f11d50a3a' file path 'C:\Program Files\dotnet\sdk\8.0.303\Extensions\Microsoft.VisualStudio.TestPlatform.Extensions.Trx.TestLogger.dll'
TpTrace Information: 0 : 23392, 1, 2024/08/11, 22:55:47.282, 6010231290347, vstest.console.dll, GetTestExtensionFromType: Register extension with identifier data 'logger://Microsoft/TestPlatform/TrxLogger/v1' and type 'Microsoft.VisualStudio.TestPlatform.Extensions.TrxLogger.TrxLogger, Microsoft.VisualStudio.TestPlatform.Extensions.Trx.TestLogger, Version=15.0.0.0, Culture=neutral, PublicKeyToken=b03f5f7f11d50a3a' inside file 'C:\Program Files\dotnet\sdk\8.0.303\Extensions\Microsoft.VisualStudio.TestPlatform.Extensions.Trx.TestLogger.dll'
TpTrace Verbose: 0 : 23392, 1, 2024/08/11, 22:55:47.282, 6010231290649, vstest.console.dll, TestPluginCache: Discovered the extensions using extension path ''.
TpTrace Verbose: 0 : 23392, 1, 2024/08/11, 22:55:47.282, 6010231290782, vstest.console.dll, TestPluginCache: Discoverers are ''.
TpTrace Verbose: 0 : 23392, 1, 2024/08/11, 22:55:47.282, 6010231290874, vstest.console.dll, TestPluginCache: Executors are ''.
TpTrace Verbose: 0 : 23392, 1, 2024/08/11, 22:55:47.282, 6010231290961, vstest.console.dll, TestPluginCache: Executors2 are ''.
TpTrace Verbose: 0 : 23392, 1, 2024/08/11, 22:55:47.282, 6010231291050, vstest.console.dll, TestPluginCache: Setting providers are ''.
TpTrace Verbose: 0 : 23392, 1, 2024/08/11, 22:55:47.282, 6010231291333, vstest.console.dll, TestPluginCache: Loggers are 'logger://Microsoft/TestPlatform/Extensions/Blame/v1,logger://Microsoft/TestPlatform/HtmlLogger/v1,logger://Microsoft/TestPlatform/TrxLogger/v1'.
TpTrace Verbose: 0 : 23392, 1, 2024/08/11, 22:55:47.282, 6010231291488, vstest.console.dll, TestPluginCache: TestHosts are 'HostProvider://DefaultTestHost,HostProvider://DotnetTestHost'.
TpTrace Verbose: 0 : 23392, 1, 2024/08/11, 22:55:47.282, 6010231291596, vstest.console.dll, TestPluginCache: DataCollectors are ''.
TpTrace Information: 0 : 23392, 1, 2024/08/11, 22:55:47.283, 6010231295496, vstest.console.dll, TestPluginManager.CreateTestExtension: Attempting to load test extension: Microsoft.TestPlatform.Extensions.BlameDataCollector.BlameLogger
TpTrace Verbose: 0 : 23392, 1, 2024/08/11, 22:55:47.291, 6010231380547, vstest.console.dll, TestEngine: Initializing Parallel Execution as MaxCpuCount is set to: 1
TpTrace Information: 0 : 23392, 1, 2024/08/11, 22:55:47.292, 6010231389873, vstest.console.dll, TestPluginManager.CreateTestExtension: Attempting to load test extension: Microsoft.VisualStudio.TestPlatform.CrossPlatEngine.Hosting.DefaultTestHostManager
TpTrace Information: 0 : 23392, 1, 2024/08/11, 22:55:47.293, 6010231395267, vstest.console.dll, TestPluginManager.CreateTestExtension: Attempting to load test extension: Microsoft.VisualStudio.TestPlatform.CrossPlatEngine.Hosting.DotnetTestHostManager
TpTrace Information: 0 : 23392, 1, 2024/08/11, 22:55:47.293, 6010231397875, vstest.console.dll, InferRunSettingsHelper.IsTestSettingsEnabled: Unable to navigate to RunSettings/MSTest. Current node: RunSettings
TpTrace Verbose: 0 : 23392, 1, 2024/08/11, 22:55:47.293, 6010231402696, vstest.console.dll, ParallelOperationManager.ClearSlots: Clearing all slots. Slots should accept more work: True
TpTrace Verbose: 0 : 23392, 1, 2024/08/11, 22:55:47.294, 6010231406208, vstest.console.dll, ParallelOperationManager.SetOccupiedSlotCount: Setting slot counts AvailableSlotCount = 1, OccupiedSlotCount = 0.
TpTrace Verbose: 0 : 23392, 1, 2024/08/11, 22:55:47.294, 6010231407751, vstest.console.dll, Occupied slots:

TpTrace Verbose: 0 : 23392, 1, 2024/08/11, 22:55:47.295, 6010231423996, vstest.console.dll, TestEngine.GetExecutionManager: Chosen execution manager 'Microsoft.VisualStudio.TestPlatform.CrossPlatEngine.Client.Parallel.ParallelProxyExecutionManager, Microsoft.TestPlatform.CrossPlatEngine, Version=15.0.0.0, Culture=neutral, PublicKeyToken=b03f5f7f11d50a3a' ParallelLevel '1'.
TpTrace Verbose: 0 : 23392, 1, 2024/08/11, 22:55:47.295, 6010231424624, vstest.console.dll, TestRunRequest.ExecuteAsync: Creating test run request.
TpTrace Verbose: 0 : 23392, 1, 2024/08/11, 22:55:47.296, 6010231425673, vstest.console.dll, TestRunRequest.ExecuteAsync: Starting.
TpTrace Information: 0 : 23392, 1, 2024/08/11, 22:55:47.296, 6010231431335, vstest.console.dll, TestRunRequest.ExecuteAsync: Starting run with settings:TestRunCriteria:
   KeepAlive=False,FrequencyOfRunStatsChangeEvent=10,RunStatsChangeEventTimeout=00:00:01.5000000,TestCaseFilter=,TestExecutorLauncher=
   Settingsxml=<RunSettings>
  <RunConfiguration>
    <ResultsDirectory>C:\Users\Solly\Documents\GitHub\Practice-3rd-Year\PracticeTests\bin\Debug\net8.0\fine-code-coverage\coverage-tool-output</ResultsDirectory>
    <TargetPlatform>X64</TargetPlatform>
    <TargetFrameworkVersion>.NETCoreApp,Version=v8.0</TargetFrameworkVersion>
    <DesignMode>False</DesignMode>
    <CollectSourceInformation>False</CollectSourceInformation>
  </RunConfiguration>
  <LoggerRunSettings>
    <Loggers>
      <Logger friendlyName="blame" enabled="True" />
      <Logger friendlyName="Console" uri="logger://microsoft/TestPlatform/ConsoleLogger/v1" assemblyQualifiedName="Microsoft.VisualStudio.TestPlatform.CommandLine.Internal.ConsoleLogger, vstest.console, Version=15.0.0.0, Culture=neutral, PublicKeyToken=b03f5f7f11d50a3a" codeBase="C:\Program Files\dotnet\sdk\8.0.303\vstest.console.dll" enabled="True" />
    </Loggers>
  </LoggerRunSettings>
  <DataCollectionRunSettings>
    <DataCollectors>
      <DataCollector friendlyName="blame" enabled="True">
        <Configuration>
          <ResultsDirectory>C:\Users\Solly\Documents\GitHub\Practice-3rd-Year\PracticeTests\bin\Debug\net8.0\fine-code-coverage\coverage-tool-output</ResultsDirectory>
        </Configuration>
      </DataCollector>
    </DataCollectors>
  </DataCollectionRunSettings>
</RunSettings>

TpTrace Verbose: 0 : 23392, 1, 2024/08/11, 22:55:47.296, 6010231431622, vstest.console.dll, TestRunRequest.ExecuteAsync: Wait for the first run request is over.
TpTrace Verbose: 0 : 23392, 1, 2024/08/11, 22:55:47.296, 6010231432900, vstest.console.dll, MulticastDelegateUtilities.SafeInvoke: TestRun.TestRunStart: Invoking callbacks was skipped because there are no subscribers.
TpTrace Verbose: 0 : 23392, 4, 2024/08/11, 22:55:47.296, 6010231434639, vstest.console.dll, MulticastDelegateUtilities.SafeInvoke: InternalTestLoggerEvents.SendTestRunStart: Invoking callback 1/1 for Microsoft.VisualStudio.TestPlatform.CommandLine.Internal.ConsoleLogger., took 0 ms.
TpTrace Verbose: 0 : 23392, 1, 2024/08/11, 22:55:47.297, 6010231438036, vstest.console.dll, ParallelProxyExecutionManager: Start execution. Total sources: 1
TpTrace Verbose: 0 : 23392, 1, 2024/08/11, 22:55:47.297, 6010231439616, vstest.console.dll, ParallelOperationManager.StartWork: Starting adding 1 workloads.
TpTrace Verbose: 0 : 23392, 1, 2024/08/11, 22:55:47.297, 6010231439873, vstest.console.dll, ParallelOperationManager.ClearSlots: Clearing all slots. Slots should accept more work: True
TpTrace Verbose: 0 : 23392, 1, 2024/08/11, 22:55:47.297, 6010231440175, vstest.console.dll, ParallelOperationManager.SetOccupiedSlotCount: Setting slot counts AvailableSlotCount = 1, OccupiedSlotCount = 0.
TpTrace Verbose: 0 : 23392, 1, 2024/08/11, 22:55:47.297, 6010231440304, vstest.console.dll, Occupied slots:

TpTrace Verbose: 0 : 23392, 1, 2024/08/11, 22:55:47.298, 6010231446559, vstest.console.dll, TestRequestSender is acting as server.
TpTrace Verbose: 0 : 23392, 1, 2024/08/11, 22:55:47.299, 6010231455961, vstest.console.dll, ParallelOperationManager.RunWorkInParallel: Adding 1 workload to slot, remaining workloads 0.
TpTrace Verbose: 0 : 23392, 1, 2024/08/11, 22:55:47.299, 6010231456274, vstest.console.dll, ParallelOperationManager.SetOccupiedSlotCount: Setting slot counts AvailableSlotCount = 0, OccupiedSlotCount = 1.
TpTrace Verbose: 0 : 23392, 1, 2024/08/11, 22:55:47.299, 6010231456781, vstest.console.dll, Occupied slots:
0: C:\Users\Solly\Documents\GitHub\Practice-3rd-Year\PracticeTests\bin\Debug\net8.0\fine-code-coverage\build-output\PracticeTests.dll
TpTrace Verbose: 0 : 23392, 1, 2024/08/11, 22:55:47.299, 6010231461846, vstest.console.dll, ParallelOperationManager.RunWorkInParallel: Started host in slot number 0 for work (source): C:\Users\Solly\Documents\GitHub\Practice-3rd-Year\PracticeTests\bin\Debug\net8.0\fine-code-coverage\build-output\PracticeTests.dll.
TpTrace Verbose: 0 : 23392, 1, 2024/08/11, 22:55:47.300, 6010231465824, vstest.console.dll, ParallelOperationManager.RunWorkInParallel: We started 1 work items, which is the max parallel level. Won't start more work.
TpTrace Verbose: 0 : 23392, 1, 2024/08/11, 22:55:47.300, 6010231466063, vstest.console.dll, ParallelOperationManager.RunWorkInParallel: We started 1 work items in here, returning True.
TpTrace Information: 0 : 23392, 1, 2024/08/11, 22:55:47.300, 6010231466196, vstest.console.dll, TestRunRequest.ExecuteAsync: Started.
TpTrace Verbose: 0 : 23392, 5, 2024/08/11, 22:55:47.300, 6010231468341, vstest.console.dll, ParallelProxyExecutionManager.StartTestRunOnConcurrentManager: Initializing uninitialized client. Started clients: 0
TpTrace Verbose: 0 : 23392, 1, 2024/08/11, 22:55:47.300, 6010231468893, vstest.console.dll, TestRunRequest.WaitForCompletion: Waiting with timeout -1.
TpTrace Verbose: 0 : 23392, 5, 2024/08/11, 22:55:47.300, 6010231469450, vstest.console.dll, DataCollectionRequestSender.InitializeCommunication : Initialize communication. 
TpTrace Information: 0 : 23392, 5, 2024/08/11, 22:55:47.304, 6010231504788, vstest.console.dll, Listening on Endpoint : 127.0.0.1:65299
TpTrace Verbose: 0 : 23392, 5, 2024/08/11, 22:55:47.308, 6010231546638, vstest.console.dll, DotnetDataCollectionLauncher: Adding  --runtimeconfig "C:\Program Files\dotnet\sdk\8.0.303\datacollector.runtimeconfig.json" in args
TpTrace Verbose: 0 : 23392, 5, 2024/08/11, 22:55:47.308, 6010231549202, vstest.console.dll, DotnetDataCollectionLauncher: Adding  --depsfile "C:\Program Files\dotnet\sdk\8.0.303\datacollector.deps.json" in args
TpTrace Verbose: 0 : 23392, 5, 2024/08/11, 22:55:47.308, 6010231549953, vstest.console.dll, DotnetDataCollectionLauncher: Full path of dotnet.exe is C:\Program Files\dotnet\dotnet.exe
TpTrace Information: 0 : 23392, 5, 2024/08/11, 22:55:47.312, 6010231589155, vstest.console.dll, ProxyDataCollectionManager.Initialize: Launched datacollector processId: 24692 port: 65299
TpTrace Information: 0 : 23392, 5, 2024/08/11, 22:55:47.312, 6010231589912, vstest.console.dll, ProxyDataCollectionManager.Initialize: waiting for connection with timeout: 90 seconds
TpTrace Verbose: 0 : 23392, 5, 2024/08/11, 22:55:47.312, 6010231590120, vstest.console.dll, DataCollectionRequestSender.WaitForRequestHandlerConnection : Waiting for connection with timeout: 90000
TpTrace Information: 0 : 23392, 7, 2024/08/11, 22:55:47.377, 6010232238517, vstest.console.dll, Using the buffer size of 16384 bytes
TpTrace Verbose: 0 : 23392, 5, 2024/08/11, 22:55:47.377, 6010232238685, vstest.console.dll, SocketCommunicationManager.WaitForClientConnection took: 64 ms, with 90000 ms timeout, and finished with True.
TpTrace Information: 0 : 23392, 7, 2024/08/11, 22:55:47.377, 6010232239058, vstest.console.dll, Accepted Client request and set the flag
TpTrace Verbose: 0 : 23392, 5, 2024/08/11, 22:55:47.377, 6010232239757, vstest.console.dll, ProxyDataCollectionManager.InvokeDataCollectionServiceAction: Starting.
TpTrace Information: 0 : 23392, 5, 2024/08/11, 22:55:47.377, 6010232240149, vstest.console.dll, ProxyDataCollectionManager.BeforeTestRunStart: Get environment variable and port for datacollector processId: 24692 port: 65299
TpTrace Verbose: 0 : 23392, 5, 2024/08/11, 22:55:47.377, 6010232240597, vstest.console.dll, DataCollectionRequestSender.SendBeforeTestRunStartAndGetResult: Send BeforeTestRunStart message with settingsXml <RunSettings><RunConfiguration><ResultsDirectory>C:\Users\Solly\Documents\GitHub\Practice-3rd-Year\PracticeTests\bin\Debug\net8.0\fine-code-coverage\coverage-tool-output</ResultsDirectory><TargetPlatform>X64</TargetPlatform><TargetFrameworkVersion>.NETCoreApp,Version=v8.0</TargetFrameworkVersion><DesignMode>False</DesignMode><CollectSourceInformation>False</CollectSourceInformation><TestAdaptersPaths>C:\Program Files\dotnet\sdk\8.0.303\Extensions</TestAdaptersPaths></RunConfiguration><LoggerRunSettings><Loggers><Logger friendlyName="blame" enabled="True" /><Logger friendlyName="Console" uri="logger://microsoft/TestPlatform/ConsoleLogger/v1" assemblyQualifiedName="Microsoft.VisualStudio.TestPlatform.CommandLine.Internal.ConsoleLogger, vstest.console, Version=15.0.0.0, Culture=neutral, PublicKeyToken=b03f5f7f11d50a3a" codeBase="C:\Program Files\dotnet\sdk\8.0.303\vstest.console.dll" enabled="True" /></Loggers></LoggerRunSettings><DataCollectionRunSettings><DataCollectors><DataCollector friendlyName="blame" enabled="True"><Configuration><ResultsDirectory>C:\Users\Solly\Documents\GitHub\Practice-3rd-Year\PracticeTests\bin\Debug\net8.0\fine-code-coverage\coverage-tool-output</ResultsDirectory></Configuration></DataCollector></DataCollectors></DataCollectionRunSettings></RunSettings> and sources System.Collections.Generic.List`1[System.String]: 
TpTrace Verbose: 0 : 23392, 5, 2024/08/11, 22:55:47.407, 6010232538049, vstest.console.dll, DataCollectionRequestSender.SendBeforeTestRunStartAndGetResult: Received message: (DataCollection.SendMessage) -> {"MessageType":"DataCollection.SendMessage","Payload":{"FriendlyName":null,"Uri":null,"TestCaseId":"00000000-0000-0000-0000-000000000000","Message":"Logging DataCollector Diagnostics in file: C:\\Users\\Solly\\Documents\\GitHub\\Practice-3rd-Year\\PracticeTests\\bin\\Debug\\net8.0\\fine-code-coverage\\coverage-tool-output\\diagnostics.datacollector.24-08-11_22-55-47_30801_5.log","Level":0}}
TpTrace Verbose: 0 : 23392, 5, 2024/08/11, 22:55:47.447, 6010232936233, vstest.console.dll, DataCollectionRequestSender.SendBeforeTestRunStartAndGetResult: Received message: (DataCollection.BeforeTestRunStartResult) -> {"MessageType":"DataCollection.BeforeTestRunStartResult","Payload":{"EnvironmentVariables":{},"DataCollectionEventsPort":65304}}
TpTrace Information: 0 : 23392, 5, 2024/08/11, 22:55:47.449, 6010232959590, vstest.console.dll, ProxyDataCollectionManager.BeforeTestRunStart: SendBeforeTestRunStartAndGetResult successful, env variable from datacollector:   and testhost port: 65304
TpTrace Information: 0 : 23392, 5, 2024/08/11, 22:55:47.449, 6010232960055, vstest.console.dll, ProxyDataCollectionManager.InvokeDataCollectionServiceAction: Completed.
TpTrace Verbose: 0 : 23392, 5, 2024/08/11, 22:55:47.449, 6010232960234, vstest.console.dll, ParallelProxyExecutionManager.StartTestRunOnConcurrentManager: Initializing test run. Started clients: 0
TpTrace Verbose: 0 : 23392, 5, 2024/08/11, 22:55:47.449, 6010232960638, vstest.console.dll, ProxyExecutionManager: Test host is always Lazy initialize.
TpTrace Verbose: 0 : 23392, 5, 2024/08/11, 22:55:47.449, 6010232961614, vstest.console.dll, TestRequestSender.InitializeCommunication: initialize communication. 
TpTrace Information: 0 : 23392, 5, 2024/08/11, 22:55:47.449, 6010232963634, vstest.console.dll, SocketServer.Start: Listening on endpoint : 127.0.0.1:65305
TpTrace Verbose: 0 : 23392, 5, 2024/08/11, 22:55:47.450, 6010232967242, vstest.console.dll, DotnetTestHostmanager.GetTestHostProcessStartInfo: Platform environment 'X64' target architecture 'X64' framework '.NETCoreApp,Version=v8.0' OS 'Windows'
TpTrace Verbose: 0 : 23392, 5, 2024/08/11, 22:55:47.450, 6010232970707, vstest.console.dll, DotnetTestHostmanager: Adding  --runtimeconfig "C:\Users\Solly\Documents\GitHub\Practice-3rd-Year\PracticeTests\bin\Debug\net8.0\fine-code-coverage\build-output\PracticeTests.runtimeconfig.json" in args
TpTrace Verbose: 0 : 23392, 5, 2024/08/11, 22:55:47.450, 6010232971455, vstest.console.dll, DotnetTestHostmanager: Adding  --depsfile "C:\Users\Solly\Documents\GitHub\Practice-3rd-Year\PracticeTests\bin\Debug\net8.0\fine-code-coverage\build-output\PracticeTests.deps.json" in args
TpTrace Verbose: 0 : 23392, 5, 2024/08/11, 22:55:47.450, 6010232972841, vstest.console.dll, DotnetTestHostmanager.IsWinOnArm: Current PROCESSOR_ARCHITECTURE from environment variable 'AMD64'
TpTrace Verbose: 0 : 23392, 5, 2024/08/11, 22:55:47.450, 6010232973109, vstest.console.dll, DotnetTestHostmanager.IsWinOnArm: Is Windows on ARM 'False'
TpTrace Verbose: 0 : 23392, 5, 2024/08/11, 22:55:47.450, 6010232973552, vstest.console.dll, DotnetTestHostManager: testhost.exe found at path: C:\Users\Solly\Documents\GitHub\Practice-3rd-Year\PracticeTests\bin\Debug\net8.0\fine-code-coverage\build-output\testhost.exe
TpTrace Verbose: 0 : 23392, 5, 2024/08/11, 22:55:47.450, 6010232973703, vstest.console.dll, DotnetTestHostmanager: Full path of host exe is C:\Users\Solly\Documents\GitHub\Practice-3rd-Year\PracticeTests\bin\Debug\net8.0\fine-code-coverage\build-output\testhost.exe
TpTrace Verbose: 0 : 23392, 5, 2024/08/11, 22:55:47.450, 6010232974326, vstest.console.dll, DotnetTestHostmanager.LaunchTestHostAsync: Found 'VSTEST_WINAPPHOST_DOTNET_ROOT' in env variables, value 'C:\Program Files\dotnet', forwarding to 'DOTNET_ROOT'
TpTrace Verbose: 0 : 23392, 5, 2024/08/11, 22:55:47.451, 6010232974943, vstest.console.dll, DotnetTestHostManager: Starting process 'C:\Users\Solly\Documents\GitHub\Practice-3rd-Year\PracticeTests\bin\Debug\net8.0\fine-code-coverage\build-output\testhost.exe' with command line ' --runtimeconfig "C:\Users\Solly\Documents\GitHub\Practice-3rd-Year\PracticeTests\bin\Debug\net8.0\fine-code-coverage\build-output\PracticeTests.runtimeconfig.json" --depsfile "C:\Users\Solly\Documents\GitHub\Practice-3rd-Year\PracticeTests\bin\Debug\net8.0\fine-code-coverage\build-output\PracticeTests.deps.json" --port 65305 --endpoint 127.0.0.1:065305 --role client --parentprocessid 23392 --diag "C:\Users\Solly\Documents\GitHub\Practice-3rd-Year\PracticeTests\bin\Debug\net8.0\fine-code-coverage\coverage-tool-output\diagnostics.host.24-08-11_22-55-47_45006_5.log" --tracelevel 4 --datacollectionport 65304 --telemetryoptedin false'
TpTrace Verbose: 0 : 23392, 5, 2024/08/11, 22:55:47.455, 6010233017828, vstest.console.dll, MulticastDelegateUtilities.SafeInvoke: HostProviderEvents.OnHostLaunched: Invoking callback 1/2 for Microsoft.VisualStudio.TestPlatform.CrossPlatEngine.Client.ProxyExecutionManagerWithDataCollection., took 0 ms.
TpTrace Verbose: 0 : 23392, 5, 2024/08/11, 22:55:47.455, 6010233019279, vstest.console.dll, Test Runtime launched
TpTrace Verbose: 0 : 23392, 5, 2024/08/11, 22:55:47.455, 6010233019568, vstest.console.dll, MulticastDelegateUtilities.SafeInvoke: HostProviderEvents.OnHostLaunched: Invoking callback 2/2 for Microsoft.VisualStudio.TestPlatform.CrossPlatEngine.Client.ProxyOperationManager., took 0 ms.
TpTrace Verbose: 0 : 23392, 5, 2024/08/11, 22:55:47.455, 6010233020138, vstest.console.dll, TestRequestSender.WaitForRequestHandlerConnection: waiting for connection with timeout: 90000.
TpTrace Verbose: 0 : 23392, 7, 2024/08/11, 22:55:47.570, 6010234168932, vstest.console.dll, MulticastDelegateUtilities.SafeInvoke: SocketServer: ClientConnected: Invoking callback 1/1 for Microsoft.VisualStudio.TestPlatform.CommunicationUtilities.TestRequestSender., took 0 ms.
TpTrace Verbose: 0 : 23392, 5, 2024/08/11, 22:55:47.570, 6010234169267, vstest.console.dll, TestRequestSender.WaitForRequestHandlerConnection: waiting took 114 ms, with timeout 90000 ms, and result 0, which is success.
TpTrace Verbose: 0 : 23392, 7, 2024/08/11, 22:55:47.570, 6010234169437, vstest.console.dll, SocketServer.OnClientConnected: Client connected for endPoint: 127.0.0.1:65305, starting MessageLoopAsync:
TpTrace Verbose: 0 : 23392, 7, 2024/08/11, 22:55:47.570, 6010234174061, vstest.console.dll, TcpClientExtensions.MessageLoopAsync: Polling on remoteEndPoint: 127.0.0.1:65306 localEndPoint: 127.0.0.1:65305 after 0 ms
TpTrace Verbose: 0 : 23392, 5, 2024/08/11, 22:55:47.570, 6010234174589, vstest.console.dll, TestRequestSender.CheckVersionWithTestHost: Sending check version message: {"MessageType":"ProtocolVersion","Payload":7}
TpTrace Verbose: 0 : 23392, 7, 2024/08/11, 22:55:47.626, 6010234729791, vstest.console.dll, TcpClientExtensions.MessageLoopAsync: NotifyDataAvailable remoteEndPoint: 127.0.0.1:65306 localEndPoint: 127.0.0.1:65305
TpTrace Verbose: 0 : 23392, 7, 2024/08/11, 22:55:47.626, 6010234731123, vstest.console.dll, TestRequestSender.CheckVersionWithTestHost: onMessageReceived received message: (ProtocolVersion) -> {"MessageType":"ProtocolVersion","Payload":7}
TpTrace Verbose: 0 : 23392, 7, 2024/08/11, 22:55:47.627, 6010234738186, vstest.console.dll, MulticastDelegateUtilities.SafeInvoke: LengthPrefixCommunicationChannel: MessageReceived: Invoking callback 1/1 for Microsoft.VisualStudio.TestPlatform.CommunicationUtilities.TestRequestSender+<>c__DisplayClass29_0., took 0 ms.
TpTrace Verbose: 0 : 23392, 7, 2024/08/11, 22:55:47.627, 6010234738656, vstest.console.dll, TcpClientExtensions.MessageLoopAsync: Polling on remoteEndPoint: 127.0.0.1:65306 localEndPoint: 127.0.0.1:65305 after 56 ms
TpTrace Verbose: 0 : 23392, 5, 2024/08/11, 22:55:47.627, 6010234738750, vstest.console.dll, TestPluginCache.GetExtensionPaths: Filtered extension paths: 
TpTrace Verbose: 0 : 23392, 5, 2024/08/11, 22:55:47.627, 6010234739220, vstest.console.dll, TestPluginCache.GetExtensionPaths: Added default extension paths: C:\Program Files\dotnet\sdk\8.0.303\Extensions\Microsoft.Diagnostics.NETCore.Client.dll
C:\Program Files\dotnet\sdk\8.0.303\Extensions\Microsoft.TestPlatform.Extensions.BlameDataCollector.dll
C:\Program Files\dotnet\sdk\8.0.303\Extensions\Microsoft.TestPlatform.Extensions.EventLogCollector.dll
C:\Program Files\dotnet\sdk\8.0.303\Extensions\Microsoft.TestPlatform.TestHostRuntimeProvider.dll
C:\Program Files\dotnet\sdk\8.0.303\Extensions\Microsoft.VisualStudio.TestPlatform.Extensions.Html.TestLogger.dll
C:\Program Files\dotnet\sdk\8.0.303\Extensions\Microsoft.VisualStudio.TestPlatform.Extensions.Trx.TestLogger.dll
TpTrace Verbose: 0 : 23392, 5, 2024/08/11, 22:55:47.627, 6010234739367, vstest.console.dll, TestPluginCache.GetExtensionPaths: Added unfilterableExtensionPaths: 
TpTrace Verbose: 0 : 23392, 5, 2024/08/11, 22:55:47.628, 6010234751697, vstest.console.dll, TestRequestSender.InitializeExecution: Sending initialize execution with message: {"Version":7,"MessageType":"TestExecution.Initialize","Payload":["C:\\Users\\Solly\\Documents\\GitHub\\Practice-3rd-Year\\PracticeTests\\bin\\Debug\\net8.0\\fine-code-coverage\\build-output\\xunit.runner.visualstudio.dotnetcore.testadapter.dll"]}
TpTrace Verbose: 0 : 23392, 5, 2024/08/11, 22:55:47.628, 6010234752353, vstest.console.dll, ParallelProxyExecutionManager.StartTestRunOnConcurrentManager: Execution starting. Started clients: 1
TpTrace Verbose: 0 : 23392, 5, 2024/08/11, 22:55:47.628, 6010234753490, vstest.console.dll, TestRunRequest:SendTestRunMessage: Starting.
TpTrace Verbose: 0 : 23392, 5, 2024/08/11, 22:55:47.628, 6010234754101, vstest.console.dll, MulticastDelegateUtilities.SafeInvoke: TestRun.LogMessages: Invoking callback 1/1 for Microsoft.VisualStudio.TestPlatform.CommandLine.TestRunResultAggregator., took 0 ms.
TpTrace Information: 0 : 23392, 5, 2024/08/11, 22:55:47.628, 6010234754264, vstest.console.dll, TestRunRequest:SendTestRunMessage: Completed.
TpTrace Verbose: 0 : 23392, 4, 2024/08/11, 22:55:47.629, 6010234755123, vstest.console.dll, MulticastDelegateUtilities.SafeInvoke: InternalTestLoggerEvents.SendTestRunMessage: Invoking callback 1/1 for Microsoft.VisualStudio.TestPlatform.CommandLine.Internal.ConsoleLogger., took 0 ms.
TpTrace Verbose: 0 : 23392, 7, 2024/08/11, 22:55:47.629, 6010234755622, vstest.console.dll, TcpClientExtensions.MessageLoopAsync: NotifyDataAvailable remoteEndPoint: 127.0.0.1:65306 localEndPoint: 127.0.0.1:65305
TpTrace Warning: 0 : 23392, 5, 2024/08/11, 22:55:47.629, 6010234756366, vstest.console.dll, InferRunSettingsHelper.MakeRunsettingsCompatible: Removing the following settings: TargetPlatform from RunSettings file. To use those settings please move to latest version of Microsoft.NET.Test.Sdk
TpTrace Verbose: 0 : 23392, 7, 2024/08/11, 22:55:47.629, 6010234759057, vstest.console.dll, TestRequestSender.OnExecutionMessageReceived: Received message: {"Version":7,"MessageType":"TestSession.Message","Payload":{"MessageLevel":0,"Message":"Logging TestHost Diagnostics in file: C:\\Users\\Solly\\Documents\\GitHub\\Practice-3rd-Year\\PracticeTests\\bin\\Debug\\net8.0\\fine-code-coverage\\coverage-tool-output\\diagnostics.host.24-08-11_22-55-47_45006_5.log"}}
TpTrace Verbose: 0 : 23392, 7, 2024/08/11, 22:55:47.630, 6010234770372, vstest.console.dll, TestRunRequest:SendTestRunMessage: Starting.
TpTrace Verbose: 0 : 23392, 7, 2024/08/11, 22:55:47.630, 6010234770867, vstest.console.dll, MulticastDelegateUtilities.SafeInvoke: TestRun.LogMessages: Invoking callback 1/1 for Microsoft.VisualStudio.TestPlatform.CommandLine.TestRunResultAggregator., took 0 ms.
TpTrace Information: 0 : 23392, 7, 2024/08/11, 22:55:47.630, 6010234771014, vstest.console.dll, TestRunRequest:SendTestRunMessage: Completed.
TpTrace Verbose: 0 : 23392, 7, 2024/08/11, 22:55:47.630, 6010234771327, vstest.console.dll, MulticastDelegateUtilities.SafeInvoke: LengthPrefixCommunicationChannel: MessageReceived: Invoking callback 1/1 for Microsoft.VisualStudio.TestPlatform.CommunicationUtilities.TestRequestSender+<>c__DisplayClass34_0., took 1 ms.
TpTrace Verbose: 0 : 23392, 7, 2024/08/11, 22:55:47.630, 6010234771466, vstest.console.dll, TcpClientExtensions.MessageLoopAsync: Polling on remoteEndPoint: 127.0.0.1:65306 localEndPoint: 127.0.0.1:65305 after 3 ms
TpTrace Verbose: 0 : 23392, 4, 2024/08/11, 22:55:47.630, 6010234771557, vstest.console.dll, MulticastDelegateUtilities.SafeInvoke: InternalTestLoggerEvents.SendTestRunMessage: Invoking callback 1/1 for Microsoft.VisualStudio.TestPlatform.CommandLine.Internal.ConsoleLogger., took 0 ms.
TpTrace Verbose: 0 : 23392, 5, 2024/08/11, 22:55:47.631, 6010234781968, vstest.console.dll, TestRequestSender.StartTestRun: Sending test run with message: {"Version":7,"MessageType":"TestExecution.StartWithSources","Payload":{"AdapterSourceMap":{"_none_":["C:\\Users\\Solly\\Documents\\GitHub\\Practice-3rd-Year\\PracticeTests\\bin\\Debug\\net8.0\\fine-code-coverage\\build-output\\PracticeTests.dll"]},"RunSettings":"<RunSettings>\r\n  <RunConfiguration>\r\n    <ResultsDirectory>C:\\Users\\Solly\\Documents\\GitHub\\Practice-3rd-Year\\PracticeTests\\bin\\Debug\\net8.0\\fine-code-coverage\\coverage-tool-output</ResultsDirectory>\r\n    <TargetFrameworkVersion>.NETCoreApp,Version=v8.0</TargetFrameworkVersion>\r\n    <DesignMode>False</DesignMode>\r\n    <CollectSourceInformation>False</CollectSourceInformation>\r\n  </RunConfiguration>\r\n  <LoggerRunSettings>\r\n    <Loggers>\r\n      <Logger friendlyName=\"blame\" enabled=\"True\" />\r\n      <Logger friendlyName=\"Console\" uri=\"logger://microsoft/TestPlatform/ConsoleLogger/v1\" assemblyQualifiedName=\"Microsoft.VisualStudio.TestPlatform.CommandLine.Internal.ConsoleLogger, vstest.console, Version=15.0.0.0, Culture=neutral, PublicKeyToken=b03f5f7f11d50a3a\" codeBase=\"C:\\Program Files\\dotnet\\sdk\\8.0.303\\vstest.console.dll\" enabled=\"True\" />\r\n    </Loggers>\r\n  </LoggerRunSettings>\r\n  <DataCollectionRunSettings>\r\n    <DataCollectors>\r\n      <DataCollector friendlyName=\"blame\" enabled=\"True\">\r\n        <Configuration>\r\n          <ResultsDirectory>C:\\Users\\Solly\\Documents\\GitHub\\Practice-3rd-Year\\PracticeTests\\bin\\Debug\\net8.0\\fine-code-coverage\\coverage-tool-output</ResultsDirectory>\r\n        </Configuration>\r\n      </DataCollector>\r\n    </DataCollectors>\r\n  </DataCollectionRunSettings>\r\n</RunSettings>","TestExecutionContext":{"FrequencyOfRunStatsChangeEvent":10,"RunStatsChangeEventTimeout":"00:00:01.5000000","InIsolation":false,"KeepAlive":false,"AreTestCaseLevelEventsRequired":false,"IsDebug":false,"TestCaseFilter":null,"FilterOptions":null},"Package":null}}
TpTrace Verbose: 0 : 23392, 5, 2024/08/11, 22:55:47.631, 6010234782603, vstest.console.dll, ParallelProxyExecutionManager.StartTestRunOnConcurrentManager: Execution started. Started clients: 1
TpTrace Verbose: 0 : 23392, 7, 2024/08/11, 22:55:47.695, 6010235423323, vstest.console.dll, TcpClientExtensions.MessageLoopAsync: NotifyDataAvailable remoteEndPoint: 127.0.0.1:65306 localEndPoint: 127.0.0.1:65305
TpTrace Verbose: 0 : 23392, 7, 2024/08/11, 22:55:47.695, 6010235424183, vstest.console.dll, TestRequestSender.OnExecutionMessageReceived: Received message: {"Version":7,"MessageType":"TestSession.Message","Payload":{"MessageLevel":0,"Message":"[xUnit.net 00:00:00.00] xUnit.net VSTest Adapter v2.5.3.1+6b60a9e56a (64-bit .NET 8.0.7)"}}
TpTrace Verbose: 0 : 23392, 7, 2024/08/11, 22:55:47.696, 6010235425213, vstest.console.dll, TestRunRequest:SendTestRunMessage: Starting.
TpTrace Verbose: 0 : 23392, 7, 2024/08/11, 22:55:47.696, 6010235425467, vstest.console.dll, MulticastDelegateUtilities.SafeInvoke: TestRun.LogMessages: Invoking callback 1/1 for Microsoft.VisualStudio.TestPlatform.CommandLine.TestRunResultAggregator., took 0 ms.
TpTrace Information: 0 : 23392, 7, 2024/08/11, 22:55:47.696, 6010235425571, vstest.console.dll, TestRunRequest:SendTestRunMessage: Completed.
TpTrace Verbose: 0 : 23392, 7, 2024/08/11, 22:55:47.696, 6010235425673, vstest.console.dll, MulticastDelegateUtilities.SafeInvoke: LengthPrefixCommunicationChannel: MessageReceived: Invoking callback 1/1 for Microsoft.VisualStudio.TestPlatform.CommunicationUtilities.TestRequestSender+<>c__DisplayClass34_0., took 0 ms.
TpTrace Verbose: 0 : 23392, 4, 2024/08/11, 22:55:47.696, 6010235425680, vstest.console.dll, MulticastDelegateUtilities.SafeInvoke: InternalTestLoggerEvents.SendTestRunMessage: Invoking callback 1/1 for Microsoft.VisualStudio.TestPlatform.CommandLine.Internal.ConsoleLogger., took 0 ms.
TpTrace Verbose: 0 : 23392, 7, 2024/08/11, 22:55:47.696, 6010235425820, vstest.console.dll, TcpClientExtensions.MessageLoopAsync: Polling on remoteEndPoint: 127.0.0.1:65306 localEndPoint: 127.0.0.1:65305 after 65 ms
TpTrace Verbose: 0 : 23392, 7, 2024/08/11, 22:55:47.733, 6010235797495, vstest.console.dll, TcpClientExtensions.MessageLoopAsync: NotifyDataAvailable remoteEndPoint: 127.0.0.1:65306 localEndPoint: 127.0.0.1:65305
TpTrace Verbose: 0 : 23392, 7, 2024/08/11, 22:55:47.733, 6010235798340, vstest.console.dll, TestRequestSender.OnExecutionMessageReceived: Received message: {"Version":7,"MessageType":"TestSession.Message","Payload":{"MessageLevel":0,"Message":"[xUnit.net 00:00:00.03]   Discovering: PracticeTests"}}
TpTrace Verbose: 0 : 23392, 7, 2024/08/11, 22:55:47.733, 6010235799010, vstest.console.dll, TestRunRequest:SendTestRunMessage: Starting.
TpTrace Verbose: 0 : 23392, 7, 2024/08/11, 22:55:47.733, 6010235799220, vstest.console.dll, MulticastDelegateUtilities.SafeInvoke: TestRun.LogMessages: Invoking callback 1/1 for Microsoft.VisualStudio.TestPlatform.CommandLine.TestRunResultAggregator., took 0 ms.
TpTrace Information: 0 : 23392, 7, 2024/08/11, 22:55:47.733, 6010235799321, vstest.console.dll, TestRunRequest:SendTestRunMessage: Completed.
TpTrace Verbose: 0 : 23392, 7, 2024/08/11, 22:55:47.733, 6010235799425, vstest.console.dll, MulticastDelegateUtilities.SafeInvoke: LengthPrefixCommunicationChannel: MessageReceived: Invoking callback 1/1 for Microsoft.VisualStudio.TestPlatform.CommunicationUtilities.TestRequestSender+<>c__DisplayClass34_0., took 0 ms.
TpTrace Verbose: 0 : 23392, 4, 2024/08/11, 22:55:47.733, 6010235799434, vstest.console.dll, MulticastDelegateUtilities.SafeInvoke: InternalTestLoggerEvents.SendTestRunMessage: Invoking callback 1/1 for Microsoft.VisualStudio.TestPlatform.CommandLine.Internal.ConsoleLogger., took 0 ms.
TpTrace Verbose: 0 : 23392, 7, 2024/08/11, 22:55:47.733, 6010235799557, vstest.console.dll, TcpClientExtensions.MessageLoopAsync: Polling on remoteEndPoint: 127.0.0.1:65306 localEndPoint: 127.0.0.1:65305 after 37 ms
TpTrace Verbose: 0 : 23392, 7, 2024/08/11, 22:55:47.749, 6010235959781, vstest.console.dll, TcpClientExtensions.MessageLoopAsync: NotifyDataAvailable remoteEndPoint: 127.0.0.1:65306 localEndPoint: 127.0.0.1:65305
TpTrace Verbose: 0 : 23392, 7, 2024/08/11, 22:55:47.749, 6010235960315, vstest.console.dll, TestRequestSender.OnExecutionMessageReceived: Received message: {"Version":7,"MessageType":"TestSession.Message","Payload":{"MessageLevel":0,"Message":"[xUnit.net 00:00:00.05]   Discovered:  PracticeTests"}}
TpTrace Verbose: 0 : 23392, 7, 2024/08/11, 22:55:47.749, 6010235960919, vstest.console.dll, TestRunRequest:SendTestRunMessage: Starting.
TpTrace Verbose: 0 : 23392, 7, 2024/08/11, 22:55:47.749, 6010235961105, vstest.console.dll, MulticastDelegateUtilities.SafeInvoke: TestRun.LogMessages: Invoking callback 1/1 for Microsoft.VisualStudio.TestPlatform.CommandLine.TestRunResultAggregator., took 0 ms.
TpTrace Information: 0 : 23392, 7, 2024/08/11, 22:55:47.749, 6010235961205, vstest.console.dll, TestRunRequest:SendTestRunMessage: Completed.
TpTrace Verbose: 0 : 23392, 7, 2024/08/11, 22:55:47.749, 6010235961309, vstest.console.dll, MulticastDelegateUtilities.SafeInvoke: LengthPrefixCommunicationChannel: MessageReceived: Invoking callback 1/1 for Microsoft.VisualStudio.TestPlatform.CommunicationUtilities.TestRequestSender+<>c__DisplayClass34_0., took 0 ms.
TpTrace Verbose: 0 : 23392, 4, 2024/08/11, 22:55:47.749, 6010235961297, vstest.console.dll, MulticastDelegateUtilities.SafeInvoke: InternalTestLoggerEvents.SendTestRunMessage: Invoking callback 1/1 for Microsoft.VisualStudio.TestPlatform.CommandLine.Internal.ConsoleLogger., took 0 ms.
TpTrace Verbose: 0 : 23392, 7, 2024/08/11, 22:55:47.749, 6010235961414, vstest.console.dll, TcpClientExtensions.MessageLoopAsync: Polling on remoteEndPoint: 127.0.0.1:65306 localEndPoint: 127.0.0.1:65305 after 16 ms
TpTrace Verbose: 0 : 23392, 7, 2024/08/11, 22:55:47.750, 6010235972009, vstest.console.dll, TcpClientExtensions.MessageLoopAsync: NotifyDataAvailable remoteEndPoint: 127.0.0.1:65306 localEndPoint: 127.0.0.1:65305
TpTrace Verbose: 0 : 23392, 7, 2024/08/11, 22:55:47.750, 6010235972174, vstest.console.dll, TestRequestSender.OnExecutionMessageReceived: Received message: {"Version":7,"MessageType":"TestSession.Message","Payload":{"MessageLevel":0,"Message":"[xUnit.net 00:00:00.05]   Starting:    PracticeTests"}}
TpTrace Verbose: 0 : 23392, 7, 2024/08/11, 22:55:47.750, 6010235972337, vstest.console.dll, TestRunRequest:SendTestRunMessage: Starting.
TpTrace Verbose: 0 : 23392, 7, 2024/08/11, 22:55:47.750, 6010235972483, vstest.console.dll, MulticastDelegateUtilities.SafeInvoke: TestRun.LogMessages: Invoking callback 1/1 for Microsoft.VisualStudio.TestPlatform.CommandLine.TestRunResultAggregator., took 0 ms.
TpTrace Verbose: 0 : 23392, 4, 2024/08/11, 22:55:47.750, 6010235972537, vstest.console.dll, MulticastDelegateUtilities.SafeInvoke: InternalTestLoggerEvents.SendTestRunMessage: Invoking callback 1/1 for Microsoft.VisualStudio.TestPlatform.CommandLine.Internal.ConsoleLogger., took 0 ms.
TpTrace Information: 0 : 23392, 7, 2024/08/11, 22:55:47.750, 6010235972573, vstest.console.dll, TestRunRequest:SendTestRunMessage: Completed.
TpTrace Verbose: 0 : 23392, 7, 2024/08/11, 22:55:47.750, 6010235972806, vstest.console.dll, MulticastDelegateUtilities.SafeInvoke: LengthPrefixCommunicationChannel: MessageReceived: Invoking callback 1/1 for Microsoft.VisualStudio.TestPlatform.CommunicationUtilities.TestRequestSender+<>c__DisplayClass34_0., took 0 ms.
TpTrace Verbose: 0 : 23392, 7, 2024/08/11, 22:55:47.750, 6010235972900, vstest.console.dll, TcpClientExtensions.MessageLoopAsync: Polling on remoteEndPoint: 127.0.0.1:65306 localEndPoint: 127.0.0.1:65305 after 1 ms
TpTrace Verbose: 0 : 23392, 7, 2024/08/11, 22:55:47.793, 6010236397066, vstest.console.dll, TcpClientExtensions.MessageLoopAsync: NotifyDataAvailable remoteEndPoint: 127.0.0.1:65306 localEndPoint: 127.0.0.1:65305
TpTrace Verbose: 0 : 23392, 7, 2024/08/11, 22:55:47.793, 6010236398087, vstest.console.dll, TestRequestSender.OnExecutionMessageReceived: Received message: {"Version":7,"MessageType":"TestSession.Message","Payload":{"MessageLevel":0,"Message":"[xUnit.net 00:00:00.09]   Finished:    PracticeTests"}}
TpTrace Verbose: 0 : 23392, 7, 2024/08/11, 22:55:47.793, 6010236398831, vstest.console.dll, TestRunRequest:SendTestRunMessage: Starting.
TpTrace Verbose: 0 : 23392, 7, 2024/08/11, 22:55:47.793, 6010236399212, vstest.console.dll, MulticastDelegateUtilities.SafeInvoke: TestRun.LogMessages: Invoking callback 1/1 for Microsoft.VisualStudio.TestPlatform.CommandLine.TestRunResultAggregator., took 0 ms.
TpTrace Information: 0 : 23392, 7, 2024/08/11, 22:55:47.793, 6010236399346, vstest.console.dll, TestRunRequest:SendTestRunMessage: Completed.
TpTrace Verbose: 0 : 23392, 4, 2024/08/11, 22:55:47.793, 6010236399518, vstest.console.dll, MulticastDelegateUtilities.SafeInvoke: InternalTestLoggerEvents.SendTestRunMessage: Invoking callback 1/1 for Microsoft.VisualStudio.TestPlatform.CommandLine.Internal.ConsoleLogger., took 0 ms.
TpTrace Verbose: 0 : 23392, 7, 2024/08/11, 22:55:47.793, 6010236399696, vstest.console.dll, MulticastDelegateUtilities.SafeInvoke: LengthPrefixCommunicationChannel: MessageReceived: Invoking callback 1/1 for Microsoft.VisualStudio.TestPlatform.CommunicationUtilities.TestRequestSender+<>c__DisplayClass34_0., took 0 ms.
TpTrace Verbose: 0 : 23392, 7, 2024/08/11, 22:55:47.793, 6010236400961, vstest.console.dll, TcpClientExtensions.MessageLoopAsync: Polling on remoteEndPoint: 127.0.0.1:65306 localEndPoint: 127.0.0.1:65305 after 42 ms
TpTrace Verbose: 0 : 23392, 7, 2024/08/11, 22:55:47.813, 6010236594854, vstest.console.dll, TcpClientExtensions.MessageLoopAsync: NotifyDataAvailable remoteEndPoint: 127.0.0.1:65306 localEndPoint: 127.0.0.1:65305
TpTrace Verbose: 0 : 23392, 7, 2024/08/11, 22:55:47.813, 6010236596010, vstest.console.dll, TestRequestSender.OnExecutionMessageReceived: Received message: {"Version":7,"MessageType":"TestExecution.Completed","Payload":{"TestRunCompleteArgs":{"TestRunStatistics":{"ExecutedTests":7,"Stats":{"Passed":7}},"IsCanceled":false,"IsAborted":false,"Error":null,"AttachmentSets":[],"InvokedDataCollectors":[],"ElapsedTimeInRunningTests":"00:00:00.1041822","Metrics":{},"DiscoveredExtensions":{"TestDiscoverers":["Xunit.Runner.VisualStudio.VsTestRunner, xunit.runner.visualstudio.dotnetcore.testadapter, Version=2.5.0.0, Culture=neutral, PublicKeyToken=null"],"TestExecutors":["executor://xunit/VsTestRunner2/netcoreapp"],"TestExecutors2":[],"TestSettingsProviders":[]}},"LastRunTests":{"NewTestResults":[{"TestCase":{"Id":"996d3dde-d22f-2c4b-c0a8-d0263f701e71","FullyQualifiedName":"PracticeTests.Tests.Q4Tests","DisplayName":"PracticeTests.Tests.Q4Tests","ExecutorUri":"executor://xunit/VsTestRunner2/netcoreapp","Source":"C:\\Users\\Solly\\Documents\\GitHub\\Practice-3rd-Year\\PracticeTests\\bin\\Debug\\net8.0\\fine-code-coverage\\build-output\\PracticeTests.dll","CodeFilePath":null,"LineNumber":0,"Properties":[]},"Attachments":[],"Outcome":1,"ErrorMessage":null,"ErrorStackTrace":null,"DisplayName":"PracticeTests.Tests.Q4Tests","Messages":[],"ComputerName":"DESKTOP-KV7JL55","Duration":"00:00:00.0035086","StartTime":"2024-08-11T19:55:47.7805888+00:00","EndTime":"2024-08-11T19:55:47.780598+00:00","Properties":[]},{"TestCase":{"Id":"ba7c1b90-f3f7-fd46-a94a-deacba776ae4","FullyQualifiedName":"PracticeTests.Tests.Q1Tests","DisplayName":"PracticeTests.Tests.Q1Tests","ExecutorUri":"executor://xunit/VsTestRunner2/netcoreapp","Source":"C:\\Users\\Solly\\Documents\\GitHub\\Practice-3rd-Year\\PracticeTests\\bin\\Debug\\net8.0\\fine-code-coverage\\build-output\\PracticeTests.dll","CodeFilePath":null,"LineNumber":0,"Properties":[]},"Attachments":[],"Outcome":1,"ErrorMessage":null,"ErrorStackTrace":null,"DisplayName":"PracticeTests.Tests.Q1Tests","Messages":[],"ComputerName":"DESKTOP-KV7JL55","Duration":"00:00:00.0001618","StartTime":"2024-08-11T19:55:47.7885419+00:00","EndTime":"2024-08-11T19:55:47.7885419+00:00","Properties":[]},{"TestCase":{"Id":"31384278-45c9-33e1-5aad-c867125dd07f","FullyQualifiedName":"PracticeTests.Tests.Q6Tests","DisplayName":"PracticeTests.Tests.Q6Tests","ExecutorUri":"executor://xunit/VsTestRunner2/netcoreapp","Source":"C:\\Users\\Solly\\Documents\\GitHub\\Practice-3rd-Year\\PracticeTests\\bin\\Debug\\net8.0\\fine-code-coverage\\build-output\\PracticeTests.dll","CodeFilePath":null,"LineNumber":0,"Properties":[]},"Attachments":[],"Outcome":1,"ErrorMessage":null,"ErrorStackTrace":null,"DisplayName":"PracticeTests.Tests.Q6Tests","Messages":[],"ComputerName":"DESKTOP-KV7JL55","Duration":"00:00:00.0001488","StartTime":"2024-08-11T19:55:47.7897647+00:00","EndTime":"2024-08-11T19:55:47.7897648+00:00","Properties":[]},{"TestCase":{"Id":"b0655aa8-db27-bc24-b42a-b975e2733bb9","FullyQualifiedName":"PracticeTests.Tests.Q7Tests","DisplayName":"PracticeTests.Tests.Q7Tests","ExecutorUri":"executor://xunit/VsTestRunner2/netcoreapp","Source":"C:\\Users\\Solly\\Documents\\GitHub\\Practice-3rd-Year\\PracticeTests\\bin\\Debug\\net8.0\\fine-code-coverage\\build-output\\PracticeTests.dll","CodeFilePath":null,"LineNumber":0,"Properties":[]},"Attachments":[],"Outcome":1,"ErrorMessage":null,"ErrorStackTrace":null,"DisplayName":"PracticeTests.Tests.Q7Tests","Messages":[],"ComputerName":"DESKTOP-KV7JL55","Duration":"00:00:00.0001172","StartTime":"2024-08-11T19:55:47.7904256+00:00","EndTime":"2024-08-11T19:55:47.7904256+00:00","Properties":[]},{"TestCase":{"Id":"4832b3eb-921e-7174-0a86-4d1dc3c5b75c","FullyQualifiedName":"PracticeTests.Tests.Q2Tests","DisplayName":"PracticeTests.Tests.Q2Tests","ExecutorUri":"executor://xunit/VsTestRunner2/netcoreapp","Source":"C:\\Users\\Solly\\Documents\\GitHub\\Practice-3rd-Year\\PracticeTests\\bin\\Debug\\net8.0\\fine-code-coverage\\build-output\\PracticeTests.dll","CodeFilePath":null,"LineNumber":0,"Properties":[]},"Attachments":[],"Outcome":1,"ErrorMessage":null,"ErrorStackTrace":null,"DisplayName":"PracticeTests.Tests.Q2Tests","Messages":[],"ComputerName":"DESKTOP-KV7JL55","Duration":"00:00:00.0000919","StartTime":"2024-08-11T19:55:47.7910474+00:00","EndTime":"2024-08-11T19:55:47.7910474+00:00","Properties":[]},{"TestCase":{"Id":"ea8bc40d-13bc-6aa4-0d80-dcdeb6efe692","FullyQualifiedName":"PracticeTests.Tests.Q5Tests","DisplayName":"PracticeTests.Tests.Q5Tests","ExecutorUri":"executor://xunit/VsTestRunner2/netcoreapp","Source":"C:\\Users\\Solly\\Documents\\GitHub\\Practice-3rd-Year\\PracticeTests\\bin\\Debug\\net8.0\\fine-code-coverage\\build-output\\PracticeTests.dll","CodeFilePath":null,"LineNumber":0,"Properties":[]},"Attachments":[],"Outcome":1,"ErrorMessage":null,"ErrorStackTrace":null,"DisplayName":"PracticeTests.Tests.Q5Tests","Messages":[],"ComputerName":"DESKTOP-KV7JL55","Duration":"00:00:00.0000935","StartTime":"2024-08-11T19:55:47.7916488+00:00","EndTime":"2024-08-11T19:55:47.7916489+00:00","Properties":[]},{"TestCase":{"Id":"00b2d9a6-920b-e7b1-509d-c0adeb6f2c52","FullyQualifiedName":"PracticeTests.Tests.Q3Tests","DisplayName":"PracticeTests.Tests.Q3Tests","ExecutorUri":"executor://xunit/VsTestRunner2/netcoreapp","Source":"C:\\Users\\Solly\\Documents\\GitHub\\Practice-3rd-Year\\PracticeTests\\bin\\Debug\\net8.0\\fine-code-coverage\\build-output\\PracticeTests.dll","CodeFilePath":null,"LineNumber":0,"Properties":[]},"Attachments":[],"Outcome":1,"ErrorMessage":null,"ErrorStackTrace":null,"DisplayName":"PracticeTests.Tests.Q3Tests","Messages":[],"ComputerName":"DESKTOP-KV7JL55","Duration":"00:00:00.0001063","StartTime":"2024-08-11T19:55:47.792396+00:00","EndTime":"2024-08-11T19:55:47.7923961+00:00","Properties":[]}],"TestRunStatistics":{"ExecutedTests":7,"Stats":{"Passed":7}},"ActiveTests":[]},"RunAttachments":[],"ExecutorUris":["executor://xunit/VsTestRunner2/netcoreapp"]}}
TpTrace Verbose: 0 : 23392, 7, 2024/08/11, 22:55:47.813, 6010236596664, vstest.console.dll, TestRequestSender.EndSession: Sending end session.
TpTrace Verbose: 0 : 23392, 7, 2024/08/11, 22:55:47.813, 6010236597324, vstest.console.dll, ProxyOperationManager.Close: waiting for test host to exit for 100 ms
TpTrace Verbose: 0 : 23392, 12, 2024/08/11, 22:55:47.838, 6010236849798, vstest.console.dll, TestHostManagerCallbacks.ctor: Experimental forwarding output is disabled.
TpTrace Warning: 0 : 23392, 12, 2024/08/11, 22:55:47.838, 6010236850864, vstest.console.dll, TestHostManagerCallbacks.ErrorReceivedCallback Test host standard error line: 
TpTrace Verbose: 0 : 23392, 12, 2024/08/11, 22:55:47.842, 6010236890976, vstest.console.dll, TestHostProvider.ExitCallBack: Host exited starting callback.
TpTrace Information: 0 : 23392, 12, 2024/08/11, 22:55:47.842, 6010236891761, vstest.console.dll, TestHostManagerCallbacks.ExitCallBack: Testhost processId: 24116 exited with exitcode: 0 error: ''
TpTrace Verbose: 0 : 23392, 12, 2024/08/11, 22:55:47.842, 6010236891917, vstest.console.dll, DotnetTestHostManager.OnHostExited: invoking OnHostExited callback
TpTrace Verbose: 0 : 23392, 12, 2024/08/11, 22:55:47.842, 6010236892141, vstest.console.dll, CrossPlatEngine.TestHostManagerHostExited: calling on client process exit callback.
TpTrace Information: 0 : 23392, 12, 2024/08/11, 22:55:47.842, 6010236892344, vstest.console.dll, TestRequestSender.OnClientProcessExit: Test host process exited. Standard error: 
TpTrace Information: 0 : 23392, 12, 2024/08/11, 22:55:47.842, 6010236892537, vstest.console.dll, SocketServer.Stop: Stop server endPoint: 127.0.0.1:65305
TpTrace Information: 0 : 23392, 12, 2024/08/11, 22:55:47.842, 6010236892623, vstest.console.dll, SocketServer.Stop: Cancellation requested. Stopping message loop.
TpTrace Information: 0 : 23392, 7, 2024/08/11, 22:55:47.842, 6010236892673, vstest.console.dll, SocketServer.Stop: Stop server endPoint: 127.0.0.1:65305
TpTrace Information: 0 : 23392, 7, 2024/08/11, 22:55:47.842, 6010236892994, vstest.console.dll, SocketServer.Stop: Cancellation requested. Stopping message loop.
TpTrace Verbose: 0 : 23392, 12, 2024/08/11, 22:55:47.842, 6010236893037, vstest.console.dll, MulticastDelegateUtilities.SafeInvoke: HostProviderEvents.OnHostExited: Invoking callback 1/1 for Microsoft.VisualStudio.TestPlatform.CrossPlatEngine.Client.ProxyOperationManager., took 0 ms.
TpTrace Information: 0 : 23392, 7, 2024/08/11, 22:55:47.842, 6010236893179, vstest.console.dll, Closing the connection
TpTrace Verbose: 0 : 23392, 7, 2024/08/11, 22:55:47.842, 6010236894184, vstest.console.dll, ProxyDataCollectionManager.InvokeDataCollectionServiceAction: Starting.
TpTrace Information: 0 : 23392, 7, 2024/08/11, 22:55:47.842, 6010236894339, vstest.console.dll, ProxyDataCollectionManager.AfterTestRunEnd: Get attachment set and invoked data collectors processId: 24692 port: 65299
TpTrace Verbose: 0 : 23392, 7, 2024/08/11, 22:55:47.842, 6010236894519, vstest.console.dll, DataCollectionRequestSender.SendAfterTestRunStartAndGetResult: Send AfterTestRunEnd message with isCancelled: False
TpTrace Verbose: 0 : 23392, 7, 2024/08/11, 22:55:47.845, 6010236923733, vstest.console.dll, DataCollectionRequestSender.SendAfterTestRunStartAndGetResult: Received message: (DataCollection.AfterTestRunEndResult) -> {"MessageType":"DataCollection.AfterTestRunEndResult","Payload":{"AttachmentSets":[],"InvokedDataCollectors":[{"Uri":"datacollector://Microsoft/TestPlatform/Extensions/Blame/v1","FriendlyName":"Blame","AssemblyQualifiedName":"Microsoft.TestPlatform.Extensions.BlameDataCollector.BlameCollector, Microsoft.TestPlatform.Extensions.BlameDataCollector, Version=15.0.0.0, Culture=neutral, PublicKeyToken=b03f5f7f11d50a3a","FilePath":"C:\\Program Files\\dotnet\\sdk\\8.0.303\\Extensions\\Microsoft.TestPlatform.Extensions.BlameDataCollector.dll","HasAttachmentProcessor":false}],"Metrics":{}}}
TpTrace Information: 0 : 23392, 7, 2024/08/11, 22:55:47.848, 6010236949410, vstest.console.dll, ProxyDataCollectionManager.InvokeDataCollectionServiceAction: Completed.
TpTrace Warning: 0 : 23392, 11, 2024/08/11, 22:55:47.864, 6010237111148, vstest.console.dll, DataCollectionLauncher.ErrorReceivedCallback datacollector standard error line: 
TpTrace Information: 0 : 23392, 11, 2024/08/11, 22:55:47.868, 6010237147382, vstest.console.dll, DataCollectionLauncher.ExitCallBack: Data collector exited with exitcode: 0 error: ''
TpTrace Verbose: 0 : 23392, 7, 2024/08/11, 22:55:47.872, 6010237186405, vstest.console.dll, TestRunRequest:SendTestRunStatsChange: Starting.
TpTrace Verbose: 0 : 23392, 7, 2024/08/11, 22:55:47.872, 6010237187509, vstest.console.dll, MulticastDelegateUtilities.SafeInvoke: TestRun.RunStatsChanged: Invoking callbacks was skipped because there are no subscribers.
TpTrace Information: 0 : 23392, 7, 2024/08/11, 22:55:47.872, 6010237187663, vstest.console.dll, TestRunRequest:SendTestRunStatsChange: Completed.
TpTrace Verbose: 0 : 23392, 7, 2024/08/11, 22:55:47.872, 6010237188996, vstest.console.dll, ParallelProxyExecutionManager: HandlePartialRunComplete: Total workloads = 1, Total started clients = 1 Total completed clients = 1, Run complete = True, Run canceled: False.
TpTrace Verbose: 0 : 23392, 7, 2024/08/11, 22:55:47.872, 6010237189139, vstest.console.dll, ParallelProxyExecutionManager: HandlePartialRunComplete: All runs completed stopping all managers.
TpTrace Verbose: 0 : 23392, 7, 2024/08/11, 22:55:47.872, 6010237189289, vstest.console.dll, ParallelOperationManager.StopAllManagers: Stopping all managers.
TpTrace Verbose: 0 : 23392, 7, 2024/08/11, 22:55:47.872, 6010237189394, vstest.console.dll, ParallelOperationManager.ClearSlots: Clearing all slots. Slots should accept more work: False
TpTrace Verbose: 0 : 23392, 7, 2024/08/11, 22:55:47.872, 6010237189538, vstest.console.dll, ParallelOperationManager.SetOccupiedSlotCount: Setting slot counts AvailableSlotCount = 1, OccupiedSlotCount = 0.
TpTrace Verbose: 0 : 23392, 7, 2024/08/11, 22:55:47.872, 6010237189656, vstest.console.dll, Occupied slots:

TpTrace Verbose: 0 : 23392, 4, 2024/08/11, 22:55:47.872, 6010237194565, vstest.console.dll, MulticastDelegateUtilities.SafeInvoke: InternalTestLoggerEvents.SendTestResult: Invoking callback 1/1 for Microsoft.VisualStudio.TestPlatform.CommandLine.Internal.ConsoleLogger., took 0 ms.
TpTrace Verbose: 0 : 23392, 4, 2024/08/11, 22:55:47.873, 6010237196097, vstest.console.dll, MulticastDelegateUtilities.SafeInvoke: InternalTestLoggerEvents.SendTestResult: Invoking callback 1/1 for Microsoft.VisualStudio.TestPlatform.CommandLine.Internal.ConsoleLogger., took 0 ms.
TpTrace Verbose: 0 : 23392, 4, 2024/08/11, 22:55:47.873, 6010237196431, vstest.console.dll, MulticastDelegateUtilities.SafeInvoke: InternalTestLoggerEvents.SendTestResult: Invoking callback 1/1 for Microsoft.VisualStudio.TestPlatform.CommandLine.Internal.ConsoleLogger., took 0 ms.
TpTrace Verbose: 0 : 23392, 4, 2024/08/11, 22:55:47.873, 6010237196576, vstest.console.dll, MulticastDelegateUtilities.SafeInvoke: InternalTestLoggerEvents.SendTestResult: Invoking callback 1/1 for Microsoft.VisualStudio.TestPlatform.CommandLine.Internal.ConsoleLogger., took 0 ms.
TpTrace Verbose: 0 : 23392, 4, 2024/08/11, 22:55:47.873, 6010237196732, vstest.console.dll, MulticastDelegateUtilities.SafeInvoke: InternalTestLoggerEvents.SendTestResult: Invoking callback 1/1 for Microsoft.VisualStudio.TestPlatform.CommandLine.Internal.ConsoleLogger., took 0 ms.
TpTrace Verbose: 0 : 23392, 4, 2024/08/11, 22:55:47.873, 6010237201324, vstest.console.dll, MulticastDelegateUtilities.SafeInvoke: InternalTestLoggerEvents.SendTestResult: Invoking callback 1/1 for Microsoft.VisualStudio.TestPlatform.CommandLine.Internal.ConsoleLogger., took 0 ms.
TpTrace Verbose: 0 : 23392, 4, 2024/08/11, 22:55:47.873, 6010237201704, vstest.console.dll, MulticastDelegateUtilities.SafeInvoke: InternalTestLoggerEvents.SendTestResult: Invoking callback 1/1 for Microsoft.VisualStudio.TestPlatform.CommandLine.Internal.ConsoleLogger., took 0 ms.
TpTrace Verbose: 0 : 23392, 4, 2024/08/11, 22:55:47.876, 6010237228178, vstest.console.dll, MulticastDelegateUtilities.SafeInvoke: InternalTestLoggerEvents.SendTestRunComplete: Invoking callback 1/2 for Microsoft.TestPlatform.Extensions.BlameDataCollector.BlameLogger., took 0 ms.
TpTrace Verbose: 0 : 23392, 4, 2024/08/11, 22:55:47.878, 6010237252655, vstest.console.dll, MulticastDelegateUtilities.SafeInvoke: InternalTestLoggerEvents.SendTestRunComplete: Invoking callback 2/2 for Microsoft.VisualStudio.TestPlatform.CommandLine.Internal.ConsoleLogger., took 2 ms.
TpTrace Verbose: 0 : 23392, 7, 2024/08/11, 22:55:47.878, 6010237254360, vstest.console.dll, TestRunRequest:TestRunComplete: Starting. IsAborted:False IsCanceled:False.
TpTrace Verbose: 0 : 23392, 7, 2024/08/11, 22:55:47.879, 6010237255374, vstest.console.dll, ParallelOperationManager.DoActionOnAllManagers: Calling an action on all managers.
TpTrace Verbose: 0 : 23392, 7, 2024/08/11, 22:55:47.879, 6010237259641, vstest.console.dll, TestLoggerManager.HandleTestRunComplete: Ignoring as the object is disposed.
TpTrace Verbose: 0 : 23392, 7, 2024/08/11, 22:55:47.879, 6010237260475, vstest.console.dll, MulticastDelegateUtilities.SafeInvoke: TestRun.TestRunComplete: Invoking callback 1/2 for Microsoft.VisualStudio.TestPlatform.CommandLine.TestRunResultAggregator., took 0 ms.
TpTrace Verbose: 0 : 23392, 7, 2024/08/11, 22:55:47.879, 6010237260960, vstest.console.dll, MulticastDelegateUtilities.SafeInvoke: TestRun.TestRunComplete: Invoking callback 2/2 for Microsoft.VisualStudio.TestPlatform.CommandLine.Processors.RunTestsArgumentExecutor+TestRunRequestEventsRegistrar., took 0 ms.
TpTrace Information: 0 : 23392, 7, 2024/08/11, 22:55:47.879, 6010237261300, vstest.console.dll, TestRunRequest:TestRunComplete: Completed.
TpTrace Verbose: 0 : 23392, 7, 2024/08/11, 22:55:47.879, 6010237261435, vstest.console.dll, TestRequestSender.SetOperationComplete: Setting operation complete.
TpTrace Information: 0 : 23392, 7, 2024/08/11, 22:55:47.879, 6010237261532, vstest.console.dll, SocketServer.Stop: Stop server endPoint: 127.0.0.1:65305
TpTrace Information: 0 : 23392, 7, 2024/08/11, 22:55:47.879, 6010237261620, vstest.console.dll, SocketServer.Stop: Cancellation requested. Stopping message loop.
TpTrace Verbose: 0 : 23392, 7, 2024/08/11, 22:55:47.879, 6010237261721, vstest.console.dll, MulticastDelegateUtilities.SafeInvoke: LengthPrefixCommunicationChannel: MessageReceived: Invoking callback 1/1 for Microsoft.VisualStudio.TestPlatform.CommunicationUtilities.TestRequestSender+<>c__DisplayClass34_0., took 66 ms.
TpTrace Verbose: 0 : 23392, 1, 2024/08/11, 22:55:47.879, 6010237261685, vstest.console.dll, TestRunRequest.Dispose: Starting.
TpTrace Information: 0 : 23392, 7, 2024/08/11, 22:55:47.879, 6010237261932, vstest.console.dll, SocketServer.PrivateStop: Stopping server endPoint: 127.0.0.1:65305 error: 
TpTrace Information: 0 : 23392, 1, 2024/08/11, 22:55:47.879, 6010237262278, vstest.console.dll, TestRunRequest.Dispose: Completed.
TpTrace Information: 0 : 23392, 1, 2024/08/11, 22:55:47.879, 6010237263019, vstest.console.dll, TestRequestManager.RunTests: run tests completed.
TpTrace Information: 0 : 23392, 1, 2024/08/11, 22:55:47.879, 6010237263431, vstest.console.dll, RunTestsArgumentProcessor:Execute: Test run is completed.
TpTrace Verbose: 0 : 23392, 1, 2024/08/11, 22:55:47.879, 6010237264208, vstest.console.dll, Executor.Execute: Exiting with exit code of 0
TpTrace Verbose: 0 : 23392, 7, 2024/08/11, 22:55:47.880, 6010237264910, vstest.console.dll, LengthPrefixCommunicationChannel.Dispose: Dispose reader and writer.
TpTrace Information: 0 : 23392, 7, 2024/08/11, 22:55:47.880, 6010237265310, vstest.console.dll, SocketServer.Stop: Raise disconnected event endPoint: 127.0.0.1:65305 error: 
TpTrace Verbose: 0 : 23392, 7, 2024/08/11, 22:55:47.880, 6010237265624, vstest.console.dll, TestRequestSender: OnTestRunAbort: Operation is already complete. Skip error message.
TpTrace Verbose: 0 : 23392, 7, 2024/08/11, 22:55:47.880, 6010237265734, vstest.console.dll, MulticastDelegateUtilities.SafeInvoke: SocketServer: ClientDisconnected: Invoking callback 1/1 for Microsoft.VisualStudio.TestPlatform.CommunicationUtilities.TestRequestSender., took 0 ms.
TpTrace Verbose: 0 : 23392, 7, 2024/08/11, 22:55:47.880, 6010237265833, vstest.console.dll, TcpClientExtensions.MessageLoopAsync: exiting MessageLoopAsync remoteEndPoint: 127.0.0.1:65306 localEndPoint: 127.0.0.1:65305
